[06-Jun-2023 15:54:18 UTC] PHP Warning:  Undefined array key "data" in C:\Users\astou\Local Sites\planty\app\public\wp-content\plugins\elementor\core\common\modules\ajax\module.php on line 175
[06-Jun-2023 15:54:18 UTC] PHP Warning:  Trying to access array offset on value of type null in C:\Users\astou\Local Sites\planty\app\public\wp-content\plugins\elementor\modules\history\revisions-manager.php on line 363
[10-Jun-2023 14:52:46 UTC] PHP Parse error:  syntax error, unexpected token "return" in C:\Users\astou\Local Sites\planty\app\public\wp-content\themes\astra-child\functions.php on line 36
[10-Jun-2023 14:52:46 UTC] PHP Parse error:  syntax error, unexpected token "return" in C:\Users\astou\Local Sites\planty\app\public\wp-content\themes\astra-child\functions.php on line 36
[10-Jun-2023 14:52:53 UTC] PHP Parse error:  syntax error, unexpected token "return" in C:\Users\astou\Local Sites\planty\app\public\wp-content\themes\astra-child\functions.php on line 36
[10-Jun-2023 14:52:53 UTC] PHP Warning:  Trying to access array offset on value of type bool in C:\Users\astou\Local Sites\planty\app\public\wp-includes\class-wp-recovery-mode-email-service.php on line 367
[10-Jun-2023 14:52:53 UTC] PHP Warning:  Trying to access array offset on value of type bool in C:\Users\astou\Local Sites\planty\app\public\wp-includes\class-wp-recovery-mode-email-service.php on line 368
[10-Jun-2023 14:53:07 UTC] PHP Parse error:  syntax error, unexpected token "return" in C:\Users\astou\Local Sites\planty\app\public\wp-content\themes\astra-child\functions.php on line 36
[10-Jun-2023 14:53:09 UTC] PHP Parse error:  syntax error, unexpected token "return" in C:\Users\astou\Local Sites\planty\app\public\wp-content\themes\astra-child\functions.php on line 36
[10-Jun-2023 14:53:55 UTC] PHP Parse error:  syntax error, unexpected token "return" in C:\Users\astou\Local Sites\planty\app\public\wp-content\themes\astra-child\functions.php on line 36
[10-Jun-2023 14:54:34 UTC] PHP Fatal error:  Uncaught Error: Cannot use object of type WP_Term as array in C:\Users\astou\Local Sites\planty\app\public\wp-content\themes\astra-child\functions.php:35
Stack trace:
#0 C:\Users\astou\Local Sites\planty\app\public\wp-includes\class-wp-hook.php(308): add_extra_item_to_nav_menu('<li id="menu-it...', Object(stdClass))
#1 C:\Users\astou\Local Sites\planty\app\public\wp-includes\plugin.php(205): WP_Hook->apply_filters('<li id="menu-it...', Array)
#2 C:\Users\astou\Local Sites\planty\app\public\wp-includes\nav-menu-template.php(267): apply_filters('wp_nav_menu_ite...', '<li id="menu-it...', Object(stdClass))
#3 C:\Users\astou\Local Sites\planty\app\public\wp-content\themes\astra\inc\builder\type\header\menu\class-astra-header-menu-component.php(131): wp_nav_menu(Object(stdClass))
#4 C:\Users\astou\Local Sites\planty\app\public\wp-content\themes\astra\inc\builder\markup\class-astra-builder-header.php(126): Astra_Header_Menu_Component::menu_markup(1, 'desktop')
#5 C:\Users\astou\Local Sites\planty\app\public\wp-includes\class-wp-hook.php(308): Astra_Builder_Header->__call('menu_1', Array)
#6 C:\Users\astou\Local Sites\planty\app\public\wp-includes\class-wp-hook.php(332): WP_Hook->apply_filters('', Array)
#7 C:\Users\astou\Local Sites\planty\app\public\wp-includes\plugin.php(517): WP_Hook->do_action(Array)
#8 C:\Users\astou\Local Sites\planty\app\public\wp-content\themes\astra\template-parts\header\builder\components.php(44): do_action('astra_header_me...', 'desktop')
#9 C:\Users\astou\Local Sites\planty\app\public\wp-includes\template.php(785): require('C:\\Users\\astou\\...')
#10 C:\Users\astou\Local Sites\planty\app\public\wp-includes\template.php(718): load_template('C:\\Users\\astou\\...', false, Array)
#11 C:\Users\astou\Local Sites\planty\app\public\wp-includes\general-template.php(204): locate_template(Array, true, false, Array)
#12 C:\Users\astou\Local Sites\planty\app\public\wp-content\themes\astra\inc\core\builder\class-astra-builder-helper.php(932): get_template_part('template-parts/...', '', Array)
#13 C:\Users\astou\Local Sites\planty\app\public\wp-content\themes\astra\inc\builder\markup\class-astra-builder-header.php(234): Astra_Builder_Helper::render_builder_markup('primary', 'right', 'desktop', 'header')
#14 C:\Users\astou\Local Sites\planty\app\public\wp-includes\class-wp-hook.php(308): Astra_Builder_Header->render_column('primary', 'right')
#15 C:\Users\astou\Local Sites\planty\app\public\wp-includes\class-wp-hook.php(332): WP_Hook->apply_filters('', Array)
#16 C:\Users\astou\Local Sites\planty\app\public\wp-includes\plugin.php(517): WP_Hook->do_action(Array)
#17 C:\Users\astou\Local Sites\planty\app\public\wp-content\themes\astra\template-parts\header\builder\header-row.php(84): do_action('astra_render_he...', 'primary', 'right')
#18 C:\Users\astou\Local Sites\planty\app\public\wp-includes\template.php(785): require('C:\\Users\\astou\\...')
#19 C:\Users\astou\Local Sites\planty\app\public\wp-includes\template.php(718): load_template('C:\\Users\\astou\\...', false, Array)
#20 C:\Users\astou\Local Sites\planty\app\public\wp-includes\general-template.php(204): locate_template(Array, true, false, Array)
#21 C:\Users\astou\Local Sites\planty\app\public\wp-content\themes\astra\inc\builder\markup\class-astra-builder-header.php(282): get_template_part('template-parts/...', 'row', Array)
#22 C:\Users\astou\Local Sites\planty\app\public\wp-includes\class-wp-hook.php(308): Astra_Builder_Header->primary_header('')
#23 C:\Users\astou\Local Sites\planty\app\public\wp-includes\class-wp-hook.php(332): WP_Hook->apply_filters('', Array)
#24 C:\Users\astou\Local Sites\planty\app\public\wp-includes\plugin.php(517): WP_Hook->do_action(Array)
#25 C:\Users\astou\Local Sites\planty\app\public\wp-content\themes\astra\template-parts\header\builder\desktop-builder-layout.php(27): do_action('astra_primary_h...')
#26 C:\Users\astou\Local Sites\planty\app\public\wp-includes\template.php(785): require('C:\\Users\\astou\\...')
#27 C:\Users\astou\Local Sites\planty\app\public\wp-includes\template.php(718): load_template('C:\\Users\\astou\\...', false, Array)
#28 C:\Users\astou\Local Sites\planty\app\public\wp-includes\general-template.php(204): locate_template(Array, true, false, Array)
#29 C:\Users\astou\Local Sites\planty\app\public\wp-content\themes\astra\inc\builder\markup\class-astra-builder-header.php(241): get_template_part('template-parts/...')
#30 C:\Users\astou\Local Sites\planty\app\public\wp-includes\class-wp-hook.php(308): Astra_Builder_Header->desktop_header('')
#31 C:\Users\astou\Local Sites\planty\app\public\wp-includes\class-wp-hook.php(332): WP_Hook->apply_filters('', Array)
#32 C:\Users\astou\Local Sites\planty\app\public\wp-includes\plugin.php(517): WP_Hook->do_action(Array)
#33 C:\Users\astou\Local Sites\planty\app\public\wp-content\themes\astra\inc\core\theme-hooks.php(159): do_action('astra_masthead')
#34 C:\Users\astou\Local Sites\planty\app\public\wp-content\themes\astra\inc\markup-extras.php(682): astra_masthead()
#35 C:\Users\astou\Local Sites\planty\app\public\wp-includes\class-wp-hook.php(308): astra_header_markup('')
#36 C:\Users\astou\Local Sites\planty\app\public\wp-includes\class-wp-hook.php(332): WP_Hook->apply_filters(NULL, Array)
#37 C:\Users\astou\Local Sites\planty\app\public\wp-includes\plugin.php(517): WP_Hook->do_action(Array)
#38 C:\Users\astou\Local Sites\planty\app\public\wp-content\themes\astra\inc\core\theme-hooks.php(145): do_action('astra_header')
#39 C:\Users\astou\Local Sites\planty\app\public\wp-content\themes\astra\header.php(61): astra_header()
#40 C:\Users\astou\Local Sites\planty\app\public\wp-includes\template.php(783): require_once('C:\\Users\\astou\\...')
#41 C:\Users\astou\Local Sites\planty\app\public\wp-includes\template.php(718): load_template('C:\\Users\\astou\\...', true, Array)
#42 C:\Users\astou\Local Sites\planty\app\public\wp-includes\general-template.php(48): locate_template(Array, true, true, Array)
#43 C:\Users\astou\Local Sites\planty\app\public\wp-content\themes\astra\page.php(20): get_header()
#44 C:\Users\astou\Local Sites\planty\app\public\wp-includes\template-loader.php(106): include('C:\\Users\\astou\\...')
#45 C:\Users\astou\Local Sites\planty\app\public\wp-blog-header.php(19): require_once('C:\\Users\\astou\\...')
#46 C:\Users\astou\Local Sites\planty\app\public\index.php(17): require('C:\\Users\\astou\\...')
#47 {main}
  thrown in C:\Users\astou\Local Sites\planty\app\public\wp-content\themes\astra-child\functions.php on line 35
[10-Jun-2023 14:58:56 UTC] PHP Parse error:  syntax error, unexpected token "return" in C:\Users\astou\Local Sites\planty\app\public\wp-content\themes\astra-child\functions.php on line 37
[10-Jun-2023 15:01:01 UTC] PHP Parse error:  syntax error, unexpected token "return" in C:\Users\astou\Local Sites\planty\app\public\wp-content\themes\astra-child\functions.php on line 37
[10-Jun-2023 15:04:44 UTC] PHP Fatal error:  Uncaught Error: Object of class WP_Term could not be converted to string in C:\Users\astou\Local Sites\planty\app\public\wp-content\themes\astra-child\functions.php:36
Stack trace:
#0 C:\Users\astou\Local Sites\planty\app\public\wp-includes\class-wp-hook.php(308): add_extra_item_to_nav_menu('<li id="menu-it...', Object(stdClass))
#1 C:\Users\astou\Local Sites\planty\app\public\wp-includes\plugin.php(205): WP_Hook->apply_filters('<li id="menu-it...', Array)
#2 C:\Users\astou\Local Sites\planty\app\public\wp-includes\nav-menu-template.php(267): apply_filters('wp_nav_menu_ite...', '<li id="menu-it...', Object(stdClass))
#3 C:\Users\astou\Local Sites\planty\app\public\wp-content\themes\astra\inc\builder\type\header\menu\class-astra-header-menu-component.php(131): wp_nav_menu(Object(stdClass))
#4 C:\Users\astou\Local Sites\planty\app\public\wp-content\themes\astra\inc\builder\markup\class-astra-builder-header.php(126): Astra_Header_Menu_Component::menu_markup(1, 'desktop')
#5 C:\Users\astou\Local Sites\planty\app\public\wp-includes\class-wp-hook.php(308): Astra_Builder_Header->__call('menu_1', Array)
#6 C:\Users\astou\Local Sites\planty\app\public\wp-includes\class-wp-hook.php(332): WP_Hook->apply_filters('', Array)
#7 C:\Users\astou\Local Sites\planty\app\public\wp-includes\plugin.php(517): WP_Hook->do_action(Array)
#8 C:\Users\astou\Local Sites\planty\app\public\wp-content\themes\astra\template-parts\header\builder\components.php(44): do_action('astra_header_me...', 'desktop')
#9 C:\Users\astou\Local Sites\planty\app\public\wp-includes\template.php(785): require('C:\\Users\\astou\\...')
#10 C:\Users\astou\Local Sites\planty\app\public\wp-includes\template.php(718): load_template('C:\\Users\\astou\\...', false, Array)
#11 C:\Users\astou\Local Sites\planty\app\public\wp-includes\general-template.php(204): locate_template(Array, true, false, Array)
#12 C:\Users\astou\Local Sites\planty\app\public\wp-content\themes\astra\inc\core\builder\class-astra-builder-helper.php(932): get_template_part('template-parts/...', '', Array)
#13 C:\Users\astou\Local Sites\planty\app\public\wp-content\themes\astra\inc\builder\markup\class-astra-builder-header.php(234): Astra_Builder_Helper::render_builder_markup('primary', 'right', 'desktop', 'header')
#14 C:\Users\astou\Local Sites\planty\app\public\wp-includes\class-wp-hook.php(308): Astra_Builder_Header->render_column('primary', 'right')
#15 C:\Users\astou\Local Sites\planty\app\public\wp-includes\class-wp-hook.php(332): WP_Hook->apply_filters('', Array)
#16 C:\Users\astou\Local Sites\planty\app\public\wp-includes\plugin.php(517): WP_Hook->do_action(Array)
#17 C:\Users\astou\Local Sites\planty\app\public\wp-content\themes\astra\template-parts\header\builder\header-row.php(84): do_action('astra_render_he...', 'primary', 'right')
#18 C:\Users\astou\Local Sites\planty\app\public\wp-includes\template.php(785): require('C:\\Users\\astou\\...')
#19 C:\Users\astou\Local Sites\planty\app\public\wp-includes\template.php(718): load_template('C:\\Users\\astou\\...', false, Array)
#20 C:\Users\astou\Local Sites\planty\app\public\wp-includes\general-template.php(204): locate_template(Array, true, false, Array)
#21 C:\Users\astou\Local Sites\planty\app\public\wp-content\themes\astra\inc\builder\markup\class-astra-builder-header.php(282): get_template_part('template-parts/...', 'row', Array)
#22 C:\Users\astou\Local Sites\planty\app\public\wp-includes\class-wp-hook.php(308): Astra_Builder_Header->primary_header('')
#23 C:\Users\astou\Local Sites\planty\app\public\wp-includes\class-wp-hook.php(332): WP_Hook->apply_filters('', Array)
#24 C:\Users\astou\Local Sites\planty\app\public\wp-includes\plugin.php(517): WP_Hook->do_action(Array)
#25 C:\Users\astou\Local Sites\planty\app\public\wp-content\themes\astra\template-parts\header\builder\desktop-builder-layout.php(27): do_action('astra_primary_h...')
#26 C:\Users\astou\Local Sites\planty\app\public\wp-includes\template.php(785): require('C:\\Users\\astou\\...')
#27 C:\Users\astou\Local Sites\planty\app\public\wp-includes\template.php(718): load_template('C:\\Users\\astou\\...', false, Array)
#28 C:\Users\astou\Local Sites\planty\app\public\wp-includes\general-template.php(204): locate_template(Array, true, false, Array)
#29 C:\Users\astou\Local Sites\planty\app\public\wp-content\themes\astra\inc\builder\markup\class-astra-builder-header.php(241): get_template_part('template-parts/...')
#30 C:\Users\astou\Local Sites\planty\app\public\wp-includes\class-wp-hook.php(308): Astra_Builder_Header->desktop_header('')
#31 C:\Users\astou\Local Sites\planty\app\public\wp-includes\class-wp-hook.php(332): WP_Hook->apply_filters('', Array)
#32 C:\Users\astou\Local Sites\planty\app\public\wp-includes\plugin.php(517): WP_Hook->do_action(Array)
#33 C:\Users\astou\Local Sites\planty\app\public\wp-content\themes\astra\inc\core\theme-hooks.php(159): do_action('astra_masthead')
#34 C:\Users\astou\Local Sites\planty\app\public\wp-content\themes\astra\inc\markup-extras.php(682): astra_masthead()
#35 C:\Users\astou\Local Sites\planty\app\public\wp-includes\class-wp-hook.php(308): astra_header_markup('')
#36 C:\Users\astou\Local Sites\planty\app\public\wp-includes\class-wp-hook.php(332): WP_Hook->apply_filters(NULL, Array)
#37 C:\Users\astou\Local Sites\planty\app\public\wp-includes\plugin.php(517): WP_Hook->do_action(Array)
#38 C:\Users\astou\Local Sites\planty\app\public\wp-content\themes\astra\inc\core\theme-hooks.php(145): do_action('astra_header')
#39 C:\Users\astou\Local Sites\planty\app\public\wp-content\themes\astra\header.php(61): astra_header()
#40 C:\Users\astou\Local Sites\planty\app\public\wp-includes\template.php(783): require_once('C:\\Users\\astou\\...')
#41 C:\Users\astou\Local Sites\planty\app\public\wp-includes\template.php(718): load_template('C:\\Users\\astou\\...', true, Array)
#42 C:\Users\astou\Local Sites\planty\app\public\wp-includes\general-template.php(48): locate_template(Array, true, true, Array)
#43 C:\Users\astou\Local Sites\planty\app\public\wp-content\themes\astra\page.php(20): get_header()
#44 C:\Users\astou\Local Sites\planty\app\public\wp-includes\template-loader.php(106): include('C:\\Users\\astou\\...')
#45 C:\Users\astou\Local Sites\planty\app\public\wp-blog-header.php(19): require_once('C:\\Users\\astou\\...')
#46 C:\Users\astou\Local Sites\planty\app\public\index.php(17): require('C:\\Users\\astou\\...')
#47 {main}
  thrown in C:\Users\astou\Local Sites\planty\app\public\wp-content\themes\astra-child\functions.php on line 36
[10-Jun-2023 15:09:13 UTC] PHP Warning:  Undefined property: stdClass::$name in C:\Users\astou\Local Sites\planty\app\public\wp-content\themes\astra-child\functions.php on line 35
[10-Jun-2023 15:09:13 UTC] PHP Warning:  Undefined property: stdClass::$name in C:\Users\astou\Local Sites\planty\app\public\wp-content\themes\astra-child\functions.php on line 35
[10-Jun-2023 15:09:13 UTC] PHP Warning:  Undefined property: stdClass::$name in C:\Users\astou\Local Sites\planty\app\public\wp-content\themes\astra-child\functions.php on line 35
[10-Jun-2023 15:14:57 UTC] PHP Warning:  Undefined property: stdClass::$NAV_MENU in C:\Users\astou\Local Sites\planty\app\public\wp-content\themes\astra-child\functions.php on line 35
[10-Jun-2023 15:14:58 UTC] PHP Warning:  Undefined property: stdClass::$NAV_MENU in C:\Users\astou\Local Sites\planty\app\public\wp-content\themes\astra-child\functions.php on line 35
[10-Jun-2023 15:14:58 UTC] PHP Warning:  Undefined property: stdClass::$NAV_MENU in C:\Users\astou\Local Sites\planty\app\public\wp-content\themes\astra-child\functions.php on line 35
[10-Jun-2023 15:24:23 UTC] PHP Parse error:  syntax error, unexpected token "return" in C:\Users\astou\Local Sites\planty\app\public\wp-content\themes\astra-child\functions.php on line 38
[10-Jun-2023 15:24:24 UTC] PHP Parse error:  syntax error, unexpected token "return" in C:\Users\astou\Local Sites\planty\app\public\wp-content\themes\astra-child\functions.php on line 38
[10-Jun-2023 15:36:42 UTC] PHP Parse error:  syntax error, unexpected token "<", expecting end of file in C:\Users\astou\Local Sites\planty\app\public\wp-content\themes\astra-child\functions.php on line 40
[10-Jun-2023 15:38:01 UTC] PHP Parse error:  syntax error, unexpected token "<", expecting end of file in C:\Users\astou\Local Sites\planty\app\public\wp-content\themes\astra-child\functions.php on line 40
[10-Jun-2023 15:38:43 UTC] PHP Parse error:  syntax error, unexpected token "<", expecting end of file in C:\Users\astou\Local Sites\planty\app\public\wp-content\themes\astra-child\functions.php on line 40
[10-Jun-2023 15:39:48 UTC] PHP Parse error:  syntax error, unexpected token "<", expecting end of file in C:\Users\astou\Local Sites\planty\app\public\wp-content\themes\astra-child\functions.php on line 40
[10-Jun-2023 15:48:20 UTC] PHP Fatal error:  Uncaught Error: Undefined constant "isLogged" in C:\Users\astou\Local Sites\planty\app\public\wp-content\themes\astra-child\functions.php:33
Stack trace:
#0 C:\Users\astou\Local Sites\planty\app\public\wp-includes\class-wp-hook.php(308): add_extra_item_to_nav_menu('<li id="menu-it...', Object(stdClass))
#1 C:\Users\astou\Local Sites\planty\app\public\wp-includes\plugin.php(205): WP_Hook->apply_filters('<li id="menu-it...', Array)
#2 C:\Users\astou\Local Sites\planty\app\public\wp-includes\nav-menu-template.php(267): apply_filters('wp_nav_menu_ite...', '<li id="menu-it...', Object(stdClass))
#3 C:\Users\astou\Local Sites\planty\app\public\wp-content\themes\astra\inc\builder\type\header\menu\class-astra-header-menu-component.php(131): wp_nav_menu(Object(stdClass))
#4 C:\Users\astou\Local Sites\planty\app\public\wp-content\themes\astra\inc\builder\markup\class-astra-builder-header.php(126): Astra_Header_Menu_Component::menu_markup(1, 'desktop')
#5 C:\Users\astou\Local Sites\planty\app\public\wp-includes\class-wp-hook.php(308): Astra_Builder_Header->__call('menu_1', Array)
#6 C:\Users\astou\Local Sites\planty\app\public\wp-includes\class-wp-hook.php(332): WP_Hook->apply_filters('', Array)
#7 C:\Users\astou\Local Sites\planty\app\public\wp-includes\plugin.php(517): WP_Hook->do_action(Array)
#8 C:\Users\astou\Local Sites\planty\app\public\wp-content\themes\astra\template-parts\header\builder\components.php(44): do_action('astra_header_me...', 'desktop')
#9 C:\Users\astou\Local Sites\planty\app\public\wp-includes\template.php(785): require('C:\\Users\\astou\\...')
#10 C:\Users\astou\Local Sites\planty\app\public\wp-includes\template.php(718): load_template('C:\\Users\\astou\\...', false, Array)
#11 C:\Users\astou\Local Sites\planty\app\public\wp-includes\general-template.php(204): locate_template(Array, true, false, Array)
#12 C:\Users\astou\Local Sites\planty\app\public\wp-content\themes\astra\inc\core\builder\class-astra-builder-helper.php(932): get_template_part('template-parts/...', '', Array)
#13 C:\Users\astou\Local Sites\planty\app\public\wp-content\themes\astra\inc\builder\markup\class-astra-builder-header.php(234): Astra_Builder_Helper::render_builder_markup('primary', 'right', 'desktop', 'header')
#14 C:\Users\astou\Local Sites\planty\app\public\wp-includes\class-wp-hook.php(308): Astra_Builder_Header->render_column('primary', 'right')
#15 C:\Users\astou\Local Sites\planty\app\public\wp-includes\class-wp-hook.php(332): WP_Hook->apply_filters('', Array)
#16 C:\Users\astou\Local Sites\planty\app\public\wp-includes\plugin.php(517): WP_Hook->do_action(Array)
#17 C:\Users\astou\Local Sites\planty\app\public\wp-content\themes\astra\template-parts\header\builder\header-row.php(84): do_action('astra_render_he...', 'primary', 'right')
#18 C:\Users\astou\Local Sites\planty\app\public\wp-includes\template.php(785): require('C:\\Users\\astou\\...')
#19 C:\Users\astou\Local Sites\planty\app\public\wp-includes\template.php(718): load_template('C:\\Users\\astou\\...', false, Array)
#20 C:\Users\astou\Local Sites\planty\app\public\wp-includes\general-template.php(204): locate_template(Array, true, false, Array)
#21 C:\Users\astou\Local Sites\planty\app\public\wp-content\themes\astra\inc\builder\markup\class-astra-builder-header.php(282): get_template_part('template-parts/...', 'row', Array)
#22 C:\Users\astou\Local Sites\planty\app\public\wp-includes\class-wp-hook.php(308): Astra_Builder_Header->primary_header('')
#23 C:\Users\astou\Local Sites\planty\app\public\wp-includes\class-wp-hook.php(332): WP_Hook->apply_filters('', Array)
#24 C:\Users\astou\Local Sites\planty\app\public\wp-includes\plugin.php(517): WP_Hook->do_action(Array)
#25 C:\Users\astou\Local Sites\planty\app\public\wp-content\themes\astra\template-parts\header\builder\desktop-builder-layout.php(27): do_action('astra_primary_h...')
#26 C:\Users\astou\Local Sites\planty\app\public\wp-includes\template.php(785): require('C:\\Users\\astou\\...')
#27 C:\Users\astou\Local Sites\planty\app\public\wp-includes\template.php(718): load_template('C:\\Users\\astou\\...', false, Array)
#28 C:\Users\astou\Local Sites\planty\app\public\wp-includes\general-template.php(204): locate_template(Array, true, false, Array)
#29 C:\Users\astou\Local Sites\planty\app\public\wp-content\themes\astra\inc\builder\markup\class-astra-builder-header.php(241): get_template_part('template-parts/...')
#30 C:\Users\astou\Local Sites\planty\app\public\wp-includes\class-wp-hook.php(308): Astra_Builder_Header->desktop_header('')
#31 C:\Users\astou\Local Sites\planty\app\public\wp-includes\class-wp-hook.php(332): WP_Hook->apply_filters('', Array)
#32 C:\Users\astou\Local Sites\planty\app\public\wp-includes\plugin.php(517): WP_Hook->do_action(Array)
#33 C:\Users\astou\Local Sites\planty\app\public\wp-content\themes\astra\inc\core\theme-hooks.php(159): do_action('astra_masthead')
#34 C:\Users\astou\Local Sites\planty\app\public\wp-content\themes\astra\inc\markup-extras.php(682): astra_masthead()
#35 C:\Users\astou\Local Sites\planty\app\public\wp-includes\class-wp-hook.php(308): astra_header_markup('')
#36 C:\Users\astou\Local Sites\planty\app\public\wp-includes\class-wp-hook.php(332): WP_Hook->apply_filters(NULL, Array)
#37 C:\Users\astou\Local Sites\planty\app\public\wp-includes\plugin.php(517): WP_Hook->do_action(Array)
#38 C:\Users\astou\Local Sites\planty\app\public\wp-content\themes\astra\inc\core\theme-hooks.php(145): do_action('astra_header')
#39 C:\Users\astou\Local Sites\planty\app\public\wp-content\themes\astra\header.php(61): astra_header()
#40 C:\Users\astou\Local Sites\planty\app\public\wp-includes\template.php(783): require_once('C:\\Users\\astou\\...')
#41 C:\Users\astou\Local Sites\planty\app\public\wp-includes\template.php(718): load_template('C:\\Users\\astou\\...', true, Array)
#42 C:\Users\astou\Local Sites\planty\app\public\wp-includes\general-template.php(48): locate_template(Array, true, true, Array)
#43 C:\Users\astou\Local Sites\planty\app\public\wp-content\themes\astra\page.php(20): get_header()
#44 C:\Users\astou\Local Sites\planty\app\public\wp-includes\template-loader.php(106): include('C:\\Users\\astou\\...')
#45 C:\Users\astou\Local Sites\planty\app\public\wp-blog-header.php(19): require_once('C:\\Users\\astou\\...')
#46 C:\Users\astou\Local Sites\planty\app\public\index.php(17): require('C:\\Users\\astou\\...')
#47 {main}
  thrown in C:\Users\astou\Local Sites\planty\app\public\wp-content\themes\astra-child\functions.php on line 33
[10-Jun-2023 15:49:25 UTC] PHP Fatal error:  Uncaught Error: Undefined constant "isLogged" in C:\Users\astou\Local Sites\planty\app\public\wp-content\themes\astra-child\functions.php:33
Stack trace:
#0 C:\Users\astou\Local Sites\planty\app\public\wp-includes\class-wp-hook.php(308): add_extra_item_to_nav_menu('<li id="menu-it...', Object(stdClass))
#1 C:\Users\astou\Local Sites\planty\app\public\wp-includes\plugin.php(205): WP_Hook->apply_filters('<li id="menu-it...', Array)
#2 C:\Users\astou\Local Sites\planty\app\public\wp-includes\nav-menu-template.php(267): apply_filters('wp_nav_menu_ite...', '<li id="menu-it...', Object(stdClass))
#3 C:\Users\astou\Local Sites\planty\app\public\wp-content\themes\astra\inc\builder\type\header\menu\class-astra-header-menu-component.php(131): wp_nav_menu(Object(stdClass))
#4 C:\Users\astou\Local Sites\planty\app\public\wp-content\themes\astra\inc\builder\markup\class-astra-builder-header.php(126): Astra_Header_Menu_Component::menu_markup(1, 'desktop')
#5 C:\Users\astou\Local Sites\planty\app\public\wp-includes\class-wp-hook.php(308): Astra_Builder_Header->__call('menu_1', Array)
#6 C:\Users\astou\Local Sites\planty\app\public\wp-includes\class-wp-hook.php(332): WP_Hook->apply_filters('', Array)
#7 C:\Users\astou\Local Sites\planty\app\public\wp-includes\plugin.php(517): WP_Hook->do_action(Array)
#8 C:\Users\astou\Local Sites\planty\app\public\wp-content\themes\astra\template-parts\header\builder\components.php(44): do_action('astra_header_me...', 'desktop')
#9 C:\Users\astou\Local Sites\planty\app\public\wp-includes\template.php(785): require('C:\\Users\\astou\\...')
#10 C:\Users\astou\Local Sites\planty\app\public\wp-includes\template.php(718): load_template('C:\\Users\\astou\\...', false, Array)
#11 C:\Users\astou\Local Sites\planty\app\public\wp-includes\general-template.php(204): locate_template(Array, true, false, Array)
#12 C:\Users\astou\Local Sites\planty\app\public\wp-content\themes\astra\inc\core\builder\class-astra-builder-helper.php(932): get_template_part('template-parts/...', '', Array)
#13 C:\Users\astou\Local Sites\planty\app\public\wp-content\themes\astra\inc\builder\markup\class-astra-builder-header.php(234): Astra_Builder_Helper::render_builder_markup('primary', 'right', 'desktop', 'header')
#14 C:\Users\astou\Local Sites\planty\app\public\wp-includes\class-wp-hook.php(308): Astra_Builder_Header->render_column('primary', 'right')
#15 C:\Users\astou\Local Sites\planty\app\public\wp-includes\class-wp-hook.php(332): WP_Hook->apply_filters('', Array)
#16 C:\Users\astou\Local Sites\planty\app\public\wp-includes\plugin.php(517): WP_Hook->do_action(Array)
#17 C:\Users\astou\Local Sites\planty\app\public\wp-content\themes\astra\template-parts\header\builder\header-row.php(84): do_action('astra_render_he...', 'primary', 'right')
#18 C:\Users\astou\Local Sites\planty\app\public\wp-includes\template.php(785): require('C:\\Users\\astou\\...')
#19 C:\Users\astou\Local Sites\planty\app\public\wp-includes\template.php(718): load_template('C:\\Users\\astou\\...', false, Array)
#20 C:\Users\astou\Local Sites\planty\app\public\wp-includes\general-template.php(204): locate_template(Array, true, false, Array)
#21 C:\Users\astou\Local Sites\planty\app\public\wp-content\themes\astra\inc\builder\markup\class-astra-builder-header.php(282): get_template_part('template-parts/...', 'row', Array)
#22 C:\Users\astou\Local Sites\planty\app\public\wp-includes\class-wp-hook.php(308): Astra_Builder_Header->primary_header('')
#23 C:\Users\astou\Local Sites\planty\app\public\wp-includes\class-wp-hook.php(332): WP_Hook->apply_filters('', Array)
#24 C:\Users\astou\Local Sites\planty\app\public\wp-includes\plugin.php(517): WP_Hook->do_action(Array)
#25 C:\Users\astou\Local Sites\planty\app\public\wp-content\themes\astra\template-parts\header\builder\desktop-builder-layout.php(27): do_action('astra_primary_h...')
#26 C:\Users\astou\Local Sites\planty\app\public\wp-includes\template.php(785): require('C:\\Users\\astou\\...')
#27 C:\Users\astou\Local Sites\planty\app\public\wp-includes\template.php(718): load_template('C:\\Users\\astou\\...', false, Array)
#28 C:\Users\astou\Local Sites\planty\app\public\wp-includes\general-template.php(204): locate_template(Array, true, false, Array)
#29 C:\Users\astou\Local Sites\planty\app\public\wp-content\themes\astra\inc\builder\markup\class-astra-builder-header.php(241): get_template_part('template-parts/...')
#30 C:\Users\astou\Local Sites\planty\app\public\wp-includes\class-wp-hook.php(308): Astra_Builder_Header->desktop_header('')
#31 C:\Users\astou\Local Sites\planty\app\public\wp-includes\class-wp-hook.php(332): WP_Hook->apply_filters('', Array)
#32 C:\Users\astou\Local Sites\planty\app\public\wp-includes\plugin.php(517): WP_Hook->do_action(Array)
#33 C:\Users\astou\Local Sites\planty\app\public\wp-content\themes\astra\inc\core\theme-hooks.php(159): do_action('astra_masthead')
#34 C:\Users\astou\Local Sites\planty\app\public\wp-content\themes\astra\inc\markup-extras.php(682): astra_masthead()
#35 C:\Users\astou\Local Sites\planty\app\public\wp-includes\class-wp-hook.php(308): astra_header_markup('')
#36 C:\Users\astou\Local Sites\planty\app\public\wp-includes\class-wp-hook.php(332): WP_Hook->apply_filters(NULL, Array)
#37 C:\Users\astou\Local Sites\planty\app\public\wp-includes\plugin.php(517): WP_Hook->do_action(Array)
#38 C:\Users\astou\Local Sites\planty\app\public\wp-content\themes\astra\inc\core\theme-hooks.php(145): do_action('astra_header')
#39 C:\Users\astou\Local Sites\planty\app\public\wp-content\themes\astra\header.php(61): astra_header()
#40 C:\Users\astou\Local Sites\planty\app\public\wp-includes\template.php(783): require_once('C:\\Users\\astou\\...')
#41 C:\Users\astou\Local Sites\planty\app\public\wp-includes\template.php(718): load_template('C:\\Users\\astou\\...', true, Array)
#42 C:\Users\astou\Local Sites\planty\app\public\wp-includes\general-template.php(48): locate_template(Array, true, true, Array)
#43 C:\Users\astou\Local Sites\planty\app\public\wp-content\themes\astra\page.php(20): get_header()
#44 C:\Users\astou\Local Sites\planty\app\public\wp-includes\template-loader.php(106): include('C:\\Users\\astou\\...')
#45 C:\Users\astou\Local Sites\planty\app\public\wp-blog-header.php(19): require_once('C:\\Users\\astou\\...')
#46 C:\Users\astou\Local Sites\planty\app\public\index.php(17): require('C:\\Users\\astou\\...')
#47 {main}
  thrown in C:\Users\astou\Local Sites\planty\app\public\wp-content\themes\astra-child\functions.php on line 33
[10-Jun-2023 15:50:06 UTC] PHP Fatal error:  Uncaught Error: Undefined constant "isLogged" in C:\Users\astou\Local Sites\planty\app\public\wp-content\themes\astra-child\functions.php:33
Stack trace:
#0 C:\Users\astou\Local Sites\planty\app\public\wp-includes\class-wp-hook.php(308): add_extra_item_to_nav_menu('<li id="menu-it...', Object(stdClass))
#1 C:\Users\astou\Local Sites\planty\app\public\wp-includes\plugin.php(205): WP_Hook->apply_filters('<li id="menu-it...', Array)
#2 C:\Users\astou\Local Sites\planty\app\public\wp-includes\nav-menu-template.php(267): apply_filters('wp_nav_menu_ite...', '<li id="menu-it...', Object(stdClass))
#3 C:\Users\astou\Local Sites\planty\app\public\wp-content\themes\astra\inc\builder\type\header\menu\class-astra-header-menu-component.php(131): wp_nav_menu(Object(stdClass))
#4 C:\Users\astou\Local Sites\planty\app\public\wp-content\themes\astra\inc\builder\markup\class-astra-builder-header.php(126): Astra_Header_Menu_Component::menu_markup(1, 'desktop')
#5 C:\Users\astou\Local Sites\planty\app\public\wp-includes\class-wp-hook.php(308): Astra_Builder_Header->__call('menu_1', Array)
#6 C:\Users\astou\Local Sites\planty\app\public\wp-includes\class-wp-hook.php(332): WP_Hook->apply_filters('', Array)
#7 C:\Users\astou\Local Sites\planty\app\public\wp-includes\plugin.php(517): WP_Hook->do_action(Array)
#8 C:\Users\astou\Local Sites\planty\app\public\wp-content\themes\astra\template-parts\header\builder\components.php(44): do_action('astra_header_me...', 'desktop')
#9 C:\Users\astou\Local Sites\planty\app\public\wp-includes\template.php(785): require('C:\\Users\\astou\\...')
#10 C:\Users\astou\Local Sites\planty\app\public\wp-includes\template.php(718): load_template('C:\\Users\\astou\\...', false, Array)
#11 C:\Users\astou\Local Sites\planty\app\public\wp-includes\general-template.php(204): locate_template(Array, true, false, Array)
#12 C:\Users\astou\Local Sites\planty\app\public\wp-content\themes\astra\inc\core\builder\class-astra-builder-helper.php(932): get_template_part('template-parts/...', '', Array)
#13 C:\Users\astou\Local Sites\planty\app\public\wp-content\themes\astra\inc\builder\markup\class-astra-builder-header.php(234): Astra_Builder_Helper::render_builder_markup('primary', 'right', 'desktop', 'header')
#14 C:\Users\astou\Local Sites\planty\app\public\wp-includes\class-wp-hook.php(308): Astra_Builder_Header->render_column('primary', 'right')
#15 C:\Users\astou\Local Sites\planty\app\public\wp-includes\class-wp-hook.php(332): WP_Hook->apply_filters('', Array)
#16 C:\Users\astou\Local Sites\planty\app\public\wp-includes\plugin.php(517): WP_Hook->do_action(Array)
#17 C:\Users\astou\Local Sites\planty\app\public\wp-content\themes\astra\template-parts\header\builder\header-row.php(84): do_action('astra_render_he...', 'primary', 'right')
#18 C:\Users\astou\Local Sites\planty\app\public\wp-includes\template.php(785): require('C:\\Users\\astou\\...')
#19 C:\Users\astou\Local Sites\planty\app\public\wp-includes\template.php(718): load_template('C:\\Users\\astou\\...', false, Array)
#20 C:\Users\astou\Local Sites\planty\app\public\wp-includes\general-template.php(204): locate_template(Array, true, false, Array)
#21 C:\Users\astou\Local Sites\planty\app\public\wp-content\themes\astra\inc\builder\markup\class-astra-builder-header.php(282): get_template_part('template-parts/...', 'row', Array)
#22 C:\Users\astou\Local Sites\planty\app\public\wp-includes\class-wp-hook.php(308): Astra_Builder_Header->primary_header('')
#23 C:\Users\astou\Local Sites\planty\app\public\wp-includes\class-wp-hook.php(332): WP_Hook->apply_filters('', Array)
#24 C:\Users\astou\Local Sites\planty\app\public\wp-includes\plugin.php(517): WP_Hook->do_action(Array)
#25 C:\Users\astou\Local Sites\planty\app\public\wp-content\themes\astra\template-parts\header\builder\desktop-builder-layout.php(27): do_action('astra_primary_h...')
#26 C:\Users\astou\Local Sites\planty\app\public\wp-includes\template.php(785): require('C:\\Users\\astou\\...')
#27 C:\Users\astou\Local Sites\planty\app\public\wp-includes\template.php(718): load_template('C:\\Users\\astou\\...', false, Array)
#28 C:\Users\astou\Local Sites\planty\app\public\wp-includes\general-template.php(204): locate_template(Array, true, false, Array)
#29 C:\Users\astou\Local Sites\planty\app\public\wp-content\themes\astra\inc\builder\markup\class-astra-builder-header.php(241): get_template_part('template-parts/...')
#30 C:\Users\astou\Local Sites\planty\app\public\wp-includes\class-wp-hook.php(308): Astra_Builder_Header->desktop_header('')
#31 C:\Users\astou\Local Sites\planty\app\public\wp-includes\class-wp-hook.php(332): WP_Hook->apply_filters('', Array)
#32 C:\Users\astou\Local Sites\planty\app\public\wp-includes\plugin.php(517): WP_Hook->do_action(Array)
#33 C:\Users\astou\Local Sites\planty\app\public\wp-content\themes\astra\inc\core\theme-hooks.php(159): do_action('astra_masthead')
#34 C:\Users\astou\Local Sites\planty\app\public\wp-content\themes\astra\inc\markup-extras.php(682): astra_masthead()
#35 C:\Users\astou\Local Sites\planty\app\public\wp-includes\class-wp-hook.php(308): astra_header_markup('')
#36 C:\Users\astou\Local Sites\planty\app\public\wp-includes\class-wp-hook.php(332): WP_Hook->apply_filters(NULL, Array)
#37 C:\Users\astou\Local Sites\planty\app\public\wp-includes\plugin.php(517): WP_Hook->do_action(Array)
#38 C:\Users\astou\Local Sites\planty\app\public\wp-content\themes\astra\inc\core\theme-hooks.php(145): do_action('astra_header')
#39 C:\Users\astou\Local Sites\planty\app\public\wp-content\themes\astra\header.php(61): astra_header()
#40 C:\Users\astou\Local Sites\planty\app\public\wp-includes\template.php(783): require_once('C:\\Users\\astou\\...')
#41 C:\Users\astou\Local Sites\planty\app\public\wp-includes\template.php(718): load_template('C:\\Users\\astou\\...', true, Array)
#42 C:\Users\astou\Local Sites\planty\app\public\wp-includes\general-template.php(48): locate_template(Array, true, true, Array)
#43 C:\Users\astou\Local Sites\planty\app\public\wp-content\themes\astra\page.php(20): get_header()
#44 C:\Users\astou\Local Sites\planty\app\public\wp-includes\template-loader.php(106): include('C:\\Users\\astou\\...')
#45 C:\Users\astou\Local Sites\planty\app\public\wp-blog-header.php(19): require_once('C:\\Users\\astou\\...')
#46 C:\Users\astou\Local Sites\planty\app\public\index.php(17): require('C:\\Users\\astou\\...')
#47 {main}
  thrown in C:\Users\astou\Local Sites\planty\app\public\wp-content\themes\astra-child\functions.php on line 33
[10-Jun-2023 15:53:55 UTC] PHP Fatal error:  Uncaught Error: Object of class WP_Term could not be converted to string in C:\Users\astou\Local Sites\planty\app\public\wp-content\themes\astra-child\functions.php:34
Stack trace:
#0 C:\Users\astou\Local Sites\planty\app\public\wp-includes\class-wp-hook.php(308): add_extra_item_to_nav_menu('<li id="menu-it...', Object(stdClass))
#1 C:\Users\astou\Local Sites\planty\app\public\wp-includes\plugin.php(205): WP_Hook->apply_filters('<li id="menu-it...', Array)
#2 C:\Users\astou\Local Sites\planty\app\public\wp-includes\nav-menu-template.php(267): apply_filters('wp_nav_menu_ite...', '<li id="menu-it...', Object(stdClass))
#3 C:\Users\astou\Local Sites\planty\app\public\wp-content\themes\astra\inc\builder\type\header\menu\class-astra-header-menu-component.php(131): wp_nav_menu(Object(stdClass))
#4 C:\Users\astou\Local Sites\planty\app\public\wp-content\themes\astra\inc\builder\markup\class-astra-builder-header.php(126): Astra_Header_Menu_Component::menu_markup(1, 'desktop')
#5 C:\Users\astou\Local Sites\planty\app\public\wp-includes\class-wp-hook.php(308): Astra_Builder_Header->__call('menu_1', Array)
#6 C:\Users\astou\Local Sites\planty\app\public\wp-includes\class-wp-hook.php(332): WP_Hook->apply_filters('', Array)
#7 C:\Users\astou\Local Sites\planty\app\public\wp-includes\plugin.php(517): WP_Hook->do_action(Array)
#8 C:\Users\astou\Local Sites\planty\app\public\wp-content\themes\astra\template-parts\header\builder\components.php(44): do_action('astra_header_me...', 'desktop')
#9 C:\Users\astou\Local Sites\planty\app\public\wp-includes\template.php(785): require('C:\\Users\\astou\\...')
#10 C:\Users\astou\Local Sites\planty\app\public\wp-includes\template.php(718): load_template('C:\\Users\\astou\\...', false, Array)
#11 C:\Users\astou\Local Sites\planty\app\public\wp-includes\general-template.php(204): locate_template(Array, true, false, Array)
#12 C:\Users\astou\Local Sites\planty\app\public\wp-content\themes\astra\inc\core\builder\class-astra-builder-helper.php(932): get_template_part('template-parts/...', '', Array)
#13 C:\Users\astou\Local Sites\planty\app\public\wp-content\themes\astra\inc\builder\markup\class-astra-builder-header.php(234): Astra_Builder_Helper::render_builder_markup('primary', 'right', 'desktop', 'header')
#14 C:\Users\astou\Local Sites\planty\app\public\wp-includes\class-wp-hook.php(308): Astra_Builder_Header->render_column('primary', 'right')
#15 C:\Users\astou\Local Sites\planty\app\public\wp-includes\class-wp-hook.php(332): WP_Hook->apply_filters('', Array)
#16 C:\Users\astou\Local Sites\planty\app\public\wp-includes\plugin.php(517): WP_Hook->do_action(Array)
#17 C:\Users\astou\Local Sites\planty\app\public\wp-content\themes\astra\template-parts\header\builder\header-row.php(84): do_action('astra_render_he...', 'primary', 'right')
#18 C:\Users\astou\Local Sites\planty\app\public\wp-includes\template.php(785): require('C:\\Users\\astou\\...')
#19 C:\Users\astou\Local Sites\planty\app\public\wp-includes\template.php(718): load_template('C:\\Users\\astou\\...', false, Array)
#20 C:\Users\astou\Local Sites\planty\app\public\wp-includes\general-template.php(204): locate_template(Array, true, false, Array)
#21 C:\Users\astou\Local Sites\planty\app\public\wp-content\themes\astra\inc\builder\markup\class-astra-builder-header.php(282): get_template_part('template-parts/...', 'row', Array)
#22 C:\Users\astou\Local Sites\planty\app\public\wp-includes\class-wp-hook.php(308): Astra_Builder_Header->primary_header('')
#23 C:\Users\astou\Local Sites\planty\app\public\wp-includes\class-wp-hook.php(332): WP_Hook->apply_filters('', Array)
#24 C:\Users\astou\Local Sites\planty\app\public\wp-includes\plugin.php(517): WP_Hook->do_action(Array)
#25 C:\Users\astou\Local Sites\planty\app\public\wp-content\themes\astra\template-parts\header\builder\desktop-builder-layout.php(27): do_action('astra_primary_h...')
#26 C:\Users\astou\Local Sites\planty\app\public\wp-includes\template.php(785): require('C:\\Users\\astou\\...')
#27 C:\Users\astou\Local Sites\planty\app\public\wp-includes\template.php(718): load_template('C:\\Users\\astou\\...', false, Array)
#28 C:\Users\astou\Local Sites\planty\app\public\wp-includes\general-template.php(204): locate_template(Array, true, false, Array)
#29 C:\Users\astou\Local Sites\planty\app\public\wp-content\themes\astra\inc\builder\markup\class-astra-builder-header.php(241): get_template_part('template-parts/...')
#30 C:\Users\astou\Local Sites\planty\app\public\wp-includes\class-wp-hook.php(308): Astra_Builder_Header->desktop_header('')
#31 C:\Users\astou\Local Sites\planty\app\public\wp-includes\class-wp-hook.php(332): WP_Hook->apply_filters('', Array)
#32 C:\Users\astou\Local Sites\planty\app\public\wp-includes\plugin.php(517): WP_Hook->do_action(Array)
#33 C:\Users\astou\Local Sites\planty\app\public\wp-content\themes\astra\inc\core\theme-hooks.php(159): do_action('astra_masthead')
#34 C:\Users\astou\Local Sites\planty\app\public\wp-content\themes\astra\inc\markup-extras.php(682): astra_masthead()
#35 C:\Users\astou\Local Sites\planty\app\public\wp-includes\class-wp-hook.php(308): astra_header_markup('')
#36 C:\Users\astou\Local Sites\planty\app\public\wp-includes\class-wp-hook.php(332): WP_Hook->apply_filters(NULL, Array)
#37 C:\Users\astou\Local Sites\planty\app\public\wp-includes\plugin.php(517): WP_Hook->do_action(Array)
#38 C:\Users\astou\Local Sites\planty\app\public\wp-content\themes\astra\inc\core\theme-hooks.php(145): do_action('astra_header')
#39 C:\Users\astou\Local Sites\planty\app\public\wp-content\themes\astra\header.php(61): astra_header()
#40 C:\Users\astou\Local Sites\planty\app\public\wp-includes\template.php(783): require_once('C:\\Users\\astou\\...')
#41 C:\Users\astou\Local Sites\planty\app\public\wp-includes\template.php(718): load_template('C:\\Users\\astou\\...', true, Array)
#42 C:\Users\astou\Local Sites\planty\app\public\wp-includes\general-template.php(48): locate_template(Array, true, true, Array)
#43 C:\Users\astou\Local Sites\planty\app\public\wp-content\themes\astra\page.php(20): get_header()
#44 C:\Users\astou\Local Sites\planty\app\public\wp-includes\template-loader.php(106): include('C:\\Users\\astou\\...')
#45 C:\Users\astou\Local Sites\planty\app\public\wp-blog-header.php(19): require_once('C:\\Users\\astou\\...')
#46 C:\Users\astou\Local Sites\planty\app\public\index.php(17): require('C:\\Users\\astou\\...')
#47 {main}
  thrown in C:\Users\astou\Local Sites\planty\app\public\wp-content\themes\astra-child\functions.php on line 34
[10-Jun-2023 16:02:53 UTC] PHP Fatal error:  Uncaught ArgumentCountError: Too few arguments to function add_extra_item_to_nav_menu(), 1 passed in C:\Users\astou\Local Sites\planty\app\public\wp-includes\class-wp-hook.php on line 310 and exactly 2 expected in C:\Users\astou\Local Sites\planty\app\public\wp-content\themes\astra-child\functions.php:29
Stack trace:
#0 C:\Users\astou\Local Sites\planty\app\public\wp-includes\class-wp-hook.php(310): add_extra_item_to_nav_menu('<li id="menu-it...')
#1 C:\Users\astou\Local Sites\planty\app\public\wp-includes\plugin.php(205): WP_Hook->apply_filters('<li id="menu-it...', Array)
#2 C:\Users\astou\Local Sites\planty\app\public\wp-includes\nav-menu-template.php(267): apply_filters('wp_nav_menu_ite...', '<li id="menu-it...', Object(stdClass))
#3 C:\Users\astou\Local Sites\planty\app\public\wp-content\themes\astra\inc\builder\type\header\menu\class-astra-header-menu-component.php(131): wp_nav_menu(Object(stdClass))
#4 C:\Users\astou\Local Sites\planty\app\public\wp-content\themes\astra\inc\builder\markup\class-astra-builder-header.php(126): Astra_Header_Menu_Component::menu_markup(1, 'desktop')
#5 C:\Users\astou\Local Sites\planty\app\public\wp-includes\class-wp-hook.php(308): Astra_Builder_Header->__call('menu_1', Array)
#6 C:\Users\astou\Local Sites\planty\app\public\wp-includes\class-wp-hook.php(332): WP_Hook->apply_filters('', Array)
#7 C:\Users\astou\Local Sites\planty\app\public\wp-includes\plugin.php(517): WP_Hook->do_action(Array)
#8 C:\Users\astou\Local Sites\planty\app\public\wp-content\themes\astra\template-parts\header\builder\components.php(44): do_action('astra_header_me...', 'desktop')
#9 C:\Users\astou\Local Sites\planty\app\public\wp-includes\template.php(785): require('C:\\Users\\astou\\...')
#10 C:\Users\astou\Local Sites\planty\app\public\wp-includes\template.php(718): load_template('C:\\Users\\astou\\...', false, Array)
#11 C:\Users\astou\Local Sites\planty\app\public\wp-includes\general-template.php(204): locate_template(Array, true, false, Array)
#12 C:\Users\astou\Local Sites\planty\app\public\wp-content\themes\astra\inc\core\builder\class-astra-builder-helper.php(932): get_template_part('template-parts/...', '', Array)
#13 C:\Users\astou\Local Sites\planty\app\public\wp-content\themes\astra\inc\builder\markup\class-astra-builder-header.php(234): Astra_Builder_Helper::render_builder_markup('primary', 'right', 'desktop', 'header')
#14 C:\Users\astou\Local Sites\planty\app\public\wp-includes\class-wp-hook.php(308): Astra_Builder_Header->render_column('primary', 'right')
#15 C:\Users\astou\Local Sites\planty\app\public\wp-includes\class-wp-hook.php(332): WP_Hook->apply_filters('', Array)
#16 C:\Users\astou\Local Sites\planty\app\public\wp-includes\plugin.php(517): WP_Hook->do_action(Array)
#17 C:\Users\astou\Local Sites\planty\app\public\wp-content\themes\astra\template-parts\header\builder\header-row.php(84): do_action('astra_render_he...', 'primary', 'right')
#18 C:\Users\astou\Local Sites\planty\app\public\wp-includes\template.php(785): require('C:\\Users\\astou\\...')
#19 C:\Users\astou\Local Sites\planty\app\public\wp-includes\template.php(718): load_template('C:\\Users\\astou\\...', false, Array)
#20 C:\Users\astou\Local Sites\planty\app\public\wp-includes\general-template.php(204): locate_template(Array, true, false, Array)
#21 C:\Users\astou\Local Sites\planty\app\public\wp-content\themes\astra\inc\builder\markup\class-astra-builder-header.php(282): get_template_part('template-parts/...', 'row', Array)
#22 C:\Users\astou\Local Sites\planty\app\public\wp-includes\class-wp-hook.php(308): Astra_Builder_Header->primary_header('')
#23 C:\Users\astou\Local Sites\planty\app\public\wp-includes\class-wp-hook.php(332): WP_Hook->apply_filters('', Array)
#24 C:\Users\astou\Local Sites\planty\app\public\wp-includes\plugin.php(517): WP_Hook->do_action(Array)
#25 C:\Users\astou\Local Sites\planty\app\public\wp-content\themes\astra\template-parts\header\builder\desktop-builder-layout.php(27): do_action('astra_primary_h...')
#26 C:\Users\astou\Local Sites\planty\app\public\wp-includes\template.php(785): require('C:\\Users\\astou\\...')
#27 C:\Users\astou\Local Sites\planty\app\public\wp-includes\template.php(718): load_template('C:\\Users\\astou\\...', false, Array)
#28 C:\Users\astou\Local Sites\planty\app\public\wp-includes\general-template.php(204): locate_template(Array, true, false, Array)
#29 C:\Users\astou\Local Sites\planty\app\public\wp-content\themes\astra\inc\builder\markup\class-astra-builder-header.php(241): get_template_part('template-parts/...')
#30 C:\Users\astou\Local Sites\planty\app\public\wp-includes\class-wp-hook.php(308): Astra_Builder_Header->desktop_header('')
#31 C:\Users\astou\Local Sites\planty\app\public\wp-includes\class-wp-hook.php(332): WP_Hook->apply_filters('', Array)
#32 C:\Users\astou\Local Sites\planty\app\public\wp-includes\plugin.php(517): WP_Hook->do_action(Array)
#33 C:\Users\astou\Local Sites\planty\app\public\wp-content\themes\astra\inc\core\theme-hooks.php(159): do_action('astra_masthead')
#34 C:\Users\astou\Local Sites\planty\app\public\wp-content\themes\astra\inc\markup-extras.php(682): astra_masthead()
#35 C:\Users\astou\Local Sites\planty\app\public\wp-includes\class-wp-hook.php(308): astra_header_markup('')
#36 C:\Users\astou\Local Sites\planty\app\public\wp-includes\class-wp-hook.php(332): WP_Hook->apply_filters(NULL, Array)
#37 C:\Users\astou\Local Sites\planty\app\public\wp-includes\plugin.php(517): WP_Hook->do_action(Array)
#38 C:\Users\astou\Local Sites\planty\app\public\wp-content\themes\astra\inc\core\theme-hooks.php(145): do_action('astra_header')
#39 C:\Users\astou\Local Sites\planty\app\public\wp-content\themes\astra\header.php(61): astra_header()
#40 C:\Users\astou\Local Sites\planty\app\public\wp-includes\template.php(783): require_once('C:\\Users\\astou\\...')
#41 C:\Users\astou\Local Sites\planty\app\public\wp-includes\template.php(718): load_template('C:\\Users\\astou\\...', true, Array)
#42 C:\Users\astou\Local Sites\planty\app\public\wp-includes\general-template.php(48): locate_template(Array, true, true, Array)
#43 C:\Users\astou\Local Sites\planty\app\public\wp-content\themes\astra\page.php(20): get_header()
#44 C:\Users\astou\Local Sites\planty\app\public\wp-includes\template-loader.php(106): include('C:\\Users\\astou\\...')
#45 C:\Users\astou\Local Sites\planty\app\public\wp-blog-header.php(19): require_once('C:\\Users\\astou\\...')
#46 C:\Users\astou\Local Sites\planty\app\public\index.php(17): require('C:\\Users\\astou\\...')
#47 {main}
  thrown in C:\Users\astou\Local Sites\planty\app\public\wp-content\themes\astra-child\functions.php on line 29
[10-Jun-2023 16:02:56 UTC] PHP Fatal error:  Uncaught ArgumentCountError: Too few arguments to function add_extra_item_to_nav_menu(), 1 passed in C:\Users\astou\Local Sites\planty\app\public\wp-includes\class-wp-hook.php on line 310 and exactly 2 expected in C:\Users\astou\Local Sites\planty\app\public\wp-content\themes\astra-child\functions.php:29
Stack trace:
#0 C:\Users\astou\Local Sites\planty\app\public\wp-includes\class-wp-hook.php(310): add_extra_item_to_nav_menu('<li id="menu-it...')
#1 C:\Users\astou\Local Sites\planty\app\public\wp-includes\plugin.php(205): WP_Hook->apply_filters('<li id="menu-it...', Array)
#2 C:\Users\astou\Local Sites\planty\app\public\wp-includes\nav-menu-template.php(267): apply_filters('wp_nav_menu_ite...', '<li id="menu-it...', Object(stdClass))
#3 C:\Users\astou\Local Sites\planty\app\public\wp-content\themes\astra\inc\builder\type\header\menu\class-astra-header-menu-component.php(131): wp_nav_menu(Object(stdClass))
#4 C:\Users\astou\Local Sites\planty\app\public\wp-content\themes\astra\inc\builder\markup\class-astra-builder-header.php(126): Astra_Header_Menu_Component::menu_markup(1, 'desktop')
#5 C:\Users\astou\Local Sites\planty\app\public\wp-includes\class-wp-hook.php(308): Astra_Builder_Header->__call('menu_1', Array)
#6 C:\Users\astou\Local Sites\planty\app\public\wp-includes\class-wp-hook.php(332): WP_Hook->apply_filters('', Array)
#7 C:\Users\astou\Local Sites\planty\app\public\wp-includes\plugin.php(517): WP_Hook->do_action(Array)
#8 C:\Users\astou\Local Sites\planty\app\public\wp-content\themes\astra\template-parts\header\builder\components.php(44): do_action('astra_header_me...', 'desktop')
#9 C:\Users\astou\Local Sites\planty\app\public\wp-includes\template.php(785): require('C:\\Users\\astou\\...')
#10 C:\Users\astou\Local Sites\planty\app\public\wp-includes\template.php(718): load_template('C:\\Users\\astou\\...', false, Array)
#11 C:\Users\astou\Local Sites\planty\app\public\wp-includes\general-template.php(204): locate_template(Array, true, false, Array)
#12 C:\Users\astou\Local Sites\planty\app\public\wp-content\themes\astra\inc\core\builder\class-astra-builder-helper.php(932): get_template_part('template-parts/...', '', Array)
#13 C:\Users\astou\Local Sites\planty\app\public\wp-content\themes\astra\inc\builder\markup\class-astra-builder-header.php(234): Astra_Builder_Helper::render_builder_markup('primary', 'right', 'desktop', 'header')
#14 C:\Users\astou\Local Sites\planty\app\public\wp-includes\class-wp-hook.php(308): Astra_Builder_Header->render_column('primary', 'right')
#15 C:\Users\astou\Local Sites\planty\app\public\wp-includes\class-wp-hook.php(332): WP_Hook->apply_filters('', Array)
#16 C:\Users\astou\Local Sites\planty\app\public\wp-includes\plugin.php(517): WP_Hook->do_action(Array)
#17 C:\Users\astou\Local Sites\planty\app\public\wp-content\themes\astra\template-parts\header\builder\header-row.php(84): do_action('astra_render_he...', 'primary', 'right')
#18 C:\Users\astou\Local Sites\planty\app\public\wp-includes\template.php(785): require('C:\\Users\\astou\\...')
#19 C:\Users\astou\Local Sites\planty\app\public\wp-includes\template.php(718): load_template('C:\\Users\\astou\\...', false, Array)
#20 C:\Users\astou\Local Sites\planty\app\public\wp-includes\general-template.php(204): locate_template(Array, true, false, Array)
#21 C:\Users\astou\Local Sites\planty\app\public\wp-content\themes\astra\inc\builder\markup\class-astra-builder-header.php(282): get_template_part('template-parts/...', 'row', Array)
#22 C:\Users\astou\Local Sites\planty\app\public\wp-includes\class-wp-hook.php(308): Astra_Builder_Header->primary_header('')
#23 C:\Users\astou\Local Sites\planty\app\public\wp-includes\class-wp-hook.php(332): WP_Hook->apply_filters('', Array)
#24 C:\Users\astou\Local Sites\planty\app\public\wp-includes\plugin.php(517): WP_Hook->do_action(Array)
#25 C:\Users\astou\Local Sites\planty\app\public\wp-content\themes\astra\template-parts\header\builder\desktop-builder-layout.php(27): do_action('astra_primary_h...')
#26 C:\Users\astou\Local Sites\planty\app\public\wp-includes\template.php(785): require('C:\\Users\\astou\\...')
#27 C:\Users\astou\Local Sites\planty\app\public\wp-includes\template.php(718): load_template('C:\\Users\\astou\\...', false, Array)
#28 C:\Users\astou\Local Sites\planty\app\public\wp-includes\general-template.php(204): locate_template(Array, true, false, Array)
#29 C:\Users\astou\Local Sites\planty\app\public\wp-content\themes\astra\inc\builder\markup\class-astra-builder-header.php(241): get_template_part('template-parts/...')
#30 C:\Users\astou\Local Sites\planty\app\public\wp-includes\class-wp-hook.php(308): Astra_Builder_Header->desktop_header('')
#31 C:\Users\astou\Local Sites\planty\app\public\wp-includes\class-wp-hook.php(332): WP_Hook->apply_filters('', Array)
#32 C:\Users\astou\Local Sites\planty\app\public\wp-includes\plugin.php(517): WP_Hook->do_action(Array)
#33 C:\Users\astou\Local Sites\planty\app\public\wp-content\themes\astra\inc\core\theme-hooks.php(159): do_action('astra_masthead')
#34 C:\Users\astou\Local Sites\planty\app\public\wp-content\themes\astra\inc\markup-extras.php(682): astra_masthead()
#35 C:\Users\astou\Local Sites\planty\app\public\wp-includes\class-wp-hook.php(308): astra_header_markup('')
#36 C:\Users\astou\Local Sites\planty\app\public\wp-includes\class-wp-hook.php(332): WP_Hook->apply_filters(NULL, Array)
#37 C:\Users\astou\Local Sites\planty\app\public\wp-includes\plugin.php(517): WP_Hook->do_action(Array)
#38 C:\Users\astou\Local Sites\planty\app\public\wp-content\themes\astra\inc\core\theme-hooks.php(145): do_action('astra_header')
#39 C:\Users\astou\Local Sites\planty\app\public\wp-content\themes\astra\header.php(61): astra_header()
#40 C:\Users\astou\Local Sites\planty\app\public\wp-includes\template.php(783): require_once('C:\\Users\\astou\\...')
#41 C:\Users\astou\Local Sites\planty\app\public\wp-includes\template.php(718): load_template('C:\\Users\\astou\\...', true, Array)
#42 C:\Users\astou\Local Sites\planty\app\public\wp-includes\general-template.php(48): locate_template(Array, true, true, Array)
#43 C:\Users\astou\Local Sites\planty\app\public\wp-content\themes\astra\page.php(20): get_header()
#44 C:\Users\astou\Local Sites\planty\app\public\wp-includes\template-loader.php(106): include('C:\\Users\\astou\\...')
#45 C:\Users\astou\Local Sites\planty\app\public\wp-blog-header.php(19): require_once('C:\\Users\\astou\\...')
#46 C:\Users\astou\Local Sites\planty\app\public\index.php(17): require('C:\\Users\\astou\\...')
#47 {main}
  thrown in C:\Users\astou\Local Sites\planty\app\public\wp-content\themes\astra-child\functions.php on line 29
[10-Jun-2023 16:15:09 UTC] PHP Fatal error:  Uncaught ArgumentCountError: Too few arguments to function add_extra_item_to_nav_menu(), 2 passed in C:\Users\astou\Local Sites\planty\app\public\wp-includes\class-wp-hook.php on line 308 and exactly 3 expected in C:\Users\astou\Local Sites\planty\app\public\wp-content\themes\astra-child\functions.php:29
Stack trace:
#0 C:\Users\astou\Local Sites\planty\app\public\wp-includes\class-wp-hook.php(308): add_extra_item_to_nav_menu('<li id="menu-it...', Object(stdClass))
#1 C:\Users\astou\Local Sites\planty\app\public\wp-includes\plugin.php(205): WP_Hook->apply_filters('<li id="menu-it...', Array)
#2 C:\Users\astou\Local Sites\planty\app\public\wp-includes\nav-menu-template.php(267): apply_filters('wp_nav_menu_ite...', '<li id="menu-it...', Object(stdClass))
#3 C:\Users\astou\Local Sites\planty\app\public\wp-content\themes\astra\inc\builder\type\header\menu\class-astra-header-menu-component.php(131): wp_nav_menu(Object(stdClass))
#4 C:\Users\astou\Local Sites\planty\app\public\wp-content\themes\astra\inc\builder\markup\class-astra-builder-header.php(126): Astra_Header_Menu_Component::menu_markup(1, 'desktop')
#5 C:\Users\astou\Local Sites\planty\app\public\wp-includes\class-wp-hook.php(308): Astra_Builder_Header->__call('menu_1', Array)
#6 C:\Users\astou\Local Sites\planty\app\public\wp-includes\class-wp-hook.php(332): WP_Hook->apply_filters('', Array)
#7 C:\Users\astou\Local Sites\planty\app\public\wp-includes\plugin.php(517): WP_Hook->do_action(Array)
#8 C:\Users\astou\Local Sites\planty\app\public\wp-content\themes\astra\template-parts\header\builder\components.php(44): do_action('astra_header_me...', 'desktop')
#9 C:\Users\astou\Local Sites\planty\app\public\wp-includes\template.php(785): require('C:\\Users\\astou\\...')
#10 C:\Users\astou\Local Sites\planty\app\public\wp-includes\template.php(718): load_template('C:\\Users\\astou\\...', false, Array)
#11 C:\Users\astou\Local Sites\planty\app\public\wp-includes\general-template.php(204): locate_template(Array, true, false, Array)
#12 C:\Users\astou\Local Sites\planty\app\public\wp-content\themes\astra\inc\core\builder\class-astra-builder-helper.php(932): get_template_part('template-parts/...', '', Array)
#13 C:\Users\astou\Local Sites\planty\app\public\wp-content\themes\astra\inc\builder\markup\class-astra-builder-header.php(234): Astra_Builder_Helper::render_builder_markup('primary', 'right', 'desktop', 'header')
#14 C:\Users\astou\Local Sites\planty\app\public\wp-includes\class-wp-hook.php(308): Astra_Builder_Header->render_column('primary', 'right')
#15 C:\Users\astou\Local Sites\planty\app\public\wp-includes\class-wp-hook.php(332): WP_Hook->apply_filters('', Array)
#16 C:\Users\astou\Local Sites\planty\app\public\wp-includes\plugin.php(517): WP_Hook->do_action(Array)
#17 C:\Users\astou\Local Sites\planty\app\public\wp-content\themes\astra\template-parts\header\builder\header-row.php(84): do_action('astra_render_he...', 'primary', 'right')
#18 C:\Users\astou\Local Sites\planty\app\public\wp-includes\template.php(785): require('C:\\Users\\astou\\...')
#19 C:\Users\astou\Local Sites\planty\app\public\wp-includes\template.php(718): load_template('C:\\Users\\astou\\...', false, Array)
#20 C:\Users\astou\Local Sites\planty\app\public\wp-includes\general-template.php(204): locate_template(Array, true, false, Array)
#21 C:\Users\astou\Local Sites\planty\app\public\wp-content\themes\astra\inc\builder\markup\class-astra-builder-header.php(282): get_template_part('template-parts/...', 'row', Array)
#22 C:\Users\astou\Local Sites\planty\app\public\wp-includes\class-wp-hook.php(308): Astra_Builder_Header->primary_header('')
#23 C:\Users\astou\Local Sites\planty\app\public\wp-includes\class-wp-hook.php(332): WP_Hook->apply_filters('', Array)
#24 C:\Users\astou\Local Sites\planty\app\public\wp-includes\plugin.php(517): WP_Hook->do_action(Array)
#25 C:\Users\astou\Local Sites\planty\app\public\wp-content\themes\astra\template-parts\header\builder\desktop-builder-layout.php(27): do_action('astra_primary_h...')
#26 C:\Users\astou\Local Sites\planty\app\public\wp-includes\template.php(785): require('C:\\Users\\astou\\...')
#27 C:\Users\astou\Local Sites\planty\app\public\wp-includes\template.php(718): load_template('C:\\Users\\astou\\...', false, Array)
#28 C:\Users\astou\Local Sites\planty\app\public\wp-includes\general-template.php(204): locate_template(Array, true, false, Array)
#29 C:\Users\astou\Local Sites\planty\app\public\wp-content\themes\astra\inc\builder\markup\class-astra-builder-header.php(241): get_template_part('template-parts/...')
#30 C:\Users\astou\Local Sites\planty\app\public\wp-includes\class-wp-hook.php(308): Astra_Builder_Header->desktop_header('')
#31 C:\Users\astou\Local Sites\planty\app\public\wp-includes\class-wp-hook.php(332): WP_Hook->apply_filters('', Array)
#32 C:\Users\astou\Local Sites\planty\app\public\wp-includes\plugin.php(517): WP_Hook->do_action(Array)
#33 C:\Users\astou\Local Sites\planty\app\public\wp-content\themes\astra\inc\core\theme-hooks.php(159): do_action('astra_masthead')
#34 C:\Users\astou\Local Sites\planty\app\public\wp-content\themes\astra\inc\markup-extras.php(682): astra_masthead()
#35 C:\Users\astou\Local Sites\planty\app\public\wp-includes\class-wp-hook.php(308): astra_header_markup('')
#36 C:\Users\astou\Local Sites\planty\app\public\wp-includes\class-wp-hook.php(332): WP_Hook->apply_filters(NULL, Array)
#37 C:\Users\astou\Local Sites\planty\app\public\wp-includes\plugin.php(517): WP_Hook->do_action(Array)
#38 C:\Users\astou\Local Sites\planty\app\public\wp-content\themes\astra\inc\core\theme-hooks.php(145): do_action('astra_header')
#39 C:\Users\astou\Local Sites\planty\app\public\wp-content\themes\astra\header.php(61): astra_header()
#40 C:\Users\astou\Local Sites\planty\app\public\wp-includes\template.php(783): require_once('C:\\Users\\astou\\...')
#41 C:\Users\astou\Local Sites\planty\app\public\wp-includes\template.php(718): load_template('C:\\Users\\astou\\...', true, Array)
#42 C:\Users\astou\Local Sites\planty\app\public\wp-includes\general-template.php(48): locate_template(Array, true, true, Array)
#43 C:\Users\astou\Local Sites\planty\app\public\wp-content\themes\astra\404.php(15): get_header()
#44 C:\Users\astou\Local Sites\planty\app\public\wp-includes\template-loader.php(106): include('C:\\Users\\astou\\...')
#45 C:\Users\astou\Local Sites\planty\app\public\wp-blog-header.php(19): require_once('C:\\Users\\astou\\...')
#46 C:\Users\astou\Local Sites\planty\app\public\index.php(17): require('C:\\Users\\astou\\...')
#47 {main}
  thrown in C:\Users\astou\Local Sites\planty\app\public\wp-content\themes\astra-child\functions.php on line 29
[10-Jun-2023 16:17:49 UTC] PHP Fatal error:  Uncaught ArgumentCountError: Too few arguments to function add_extra_item_to_nav_menu(), 1 passed in C:\Users\astou\Local Sites\planty\app\public\wp-includes\class-wp-hook.php on line 310 and exactly 2 expected in C:\Users\astou\Local Sites\planty\app\public\wp-content\themes\astra-child\functions.php:29
Stack trace:
#0 C:\Users\astou\Local Sites\planty\app\public\wp-includes\class-wp-hook.php(310): add_extra_item_to_nav_menu('<li id="menu-it...')
#1 C:\Users\astou\Local Sites\planty\app\public\wp-includes\plugin.php(205): WP_Hook->apply_filters('<li id="menu-it...', Array)
#2 C:\Users\astou\Local Sites\planty\app\public\wp-includes\nav-menu-template.php(267): apply_filters('wp_nav_menu_ite...', '<li id="menu-it...', Object(stdClass))
#3 C:\Users\astou\Local Sites\planty\app\public\wp-content\themes\astra\inc\builder\type\header\menu\class-astra-header-menu-component.php(131): wp_nav_menu(Object(stdClass))
#4 C:\Users\astou\Local Sites\planty\app\public\wp-content\themes\astra\inc\builder\markup\class-astra-builder-header.php(126): Astra_Header_Menu_Component::menu_markup(1, 'desktop')
#5 C:\Users\astou\Local Sites\planty\app\public\wp-includes\class-wp-hook.php(308): Astra_Builder_Header->__call('menu_1', Array)
#6 C:\Users\astou\Local Sites\planty\app\public\wp-includes\class-wp-hook.php(332): WP_Hook->apply_filters('', Array)
#7 C:\Users\astou\Local Sites\planty\app\public\wp-includes\plugin.php(517): WP_Hook->do_action(Array)
#8 C:\Users\astou\Local Sites\planty\app\public\wp-content\themes\astra\template-parts\header\builder\components.php(44): do_action('astra_header_me...', 'desktop')
#9 C:\Users\astou\Local Sites\planty\app\public\wp-includes\template.php(785): require('C:\\Users\\astou\\...')
#10 C:\Users\astou\Local Sites\planty\app\public\wp-includes\template.php(718): load_template('C:\\Users\\astou\\...', false, Array)
#11 C:\Users\astou\Local Sites\planty\app\public\wp-includes\general-template.php(204): locate_template(Array, true, false, Array)
#12 C:\Users\astou\Local Sites\planty\app\public\wp-content\themes\astra\inc\core\builder\class-astra-builder-helper.php(932): get_template_part('template-parts/...', '', Array)
#13 C:\Users\astou\Local Sites\planty\app\public\wp-content\themes\astra\inc\builder\markup\class-astra-builder-header.php(234): Astra_Builder_Helper::render_builder_markup('primary', 'right', 'desktop', 'header')
#14 C:\Users\astou\Local Sites\planty\app\public\wp-includes\class-wp-hook.php(308): Astra_Builder_Header->render_column('primary', 'right')
#15 C:\Users\astou\Local Sites\planty\app\public\wp-includes\class-wp-hook.php(332): WP_Hook->apply_filters('', Array)
#16 C:\Users\astou\Local Sites\planty\app\public\wp-includes\plugin.php(517): WP_Hook->do_action(Array)
#17 C:\Users\astou\Local Sites\planty\app\public\wp-content\themes\astra\template-parts\header\builder\header-row.php(84): do_action('astra_render_he...', 'primary', 'right')
#18 C:\Users\astou\Local Sites\planty\app\public\wp-includes\template.php(785): require('C:\\Users\\astou\\...')
#19 C:\Users\astou\Local Sites\planty\app\public\wp-includes\template.php(718): load_template('C:\\Users\\astou\\...', false, Array)
#20 C:\Users\astou\Local Sites\planty\app\public\wp-includes\general-template.php(204): locate_template(Array, true, false, Array)
#21 C:\Users\astou\Local Sites\planty\app\public\wp-content\themes\astra\inc\builder\markup\class-astra-builder-header.php(282): get_template_part('template-parts/...', 'row', Array)
#22 C:\Users\astou\Local Sites\planty\app\public\wp-includes\class-wp-hook.php(308): Astra_Builder_Header->primary_header('')
#23 C:\Users\astou\Local Sites\planty\app\public\wp-includes\class-wp-hook.php(332): WP_Hook->apply_filters('', Array)
#24 C:\Users\astou\Local Sites\planty\app\public\wp-includes\plugin.php(517): WP_Hook->do_action(Array)
#25 C:\Users\astou\Local Sites\planty\app\public\wp-content\themes\astra\template-parts\header\builder\desktop-builder-layout.php(27): do_action('astra_primary_h...')
#26 C:\Users\astou\Local Sites\planty\app\public\wp-includes\template.php(785): require('C:\\Users\\astou\\...')
#27 C:\Users\astou\Local Sites\planty\app\public\wp-includes\template.php(718): load_template('C:\\Users\\astou\\...', false, Array)
#28 C:\Users\astou\Local Sites\planty\app\public\wp-includes\general-template.php(204): locate_template(Array, true, false, Array)
#29 C:\Users\astou\Local Sites\planty\app\public\wp-content\themes\astra\inc\builder\markup\class-astra-builder-header.php(241): get_template_part('template-parts/...')
#30 C:\Users\astou\Local Sites\planty\app\public\wp-includes\class-wp-hook.php(308): Astra_Builder_Header->desktop_header('')
#31 C:\Users\astou\Local Sites\planty\app\public\wp-includes\class-wp-hook.php(332): WP_Hook->apply_filters('', Array)
#32 C:\Users\astou\Local Sites\planty\app\public\wp-includes\plugin.php(517): WP_Hook->do_action(Array)
#33 C:\Users\astou\Local Sites\planty\app\public\wp-content\themes\astra\inc\core\theme-hooks.php(159): do_action('astra_masthead')
#34 C:\Users\astou\Local Sites\planty\app\public\wp-content\themes\astra\inc\markup-extras.php(682): astra_masthead()
#35 C:\Users\astou\Local Sites\planty\app\public\wp-includes\class-wp-hook.php(308): astra_header_markup('')
#36 C:\Users\astou\Local Sites\planty\app\public\wp-includes\class-wp-hook.php(332): WP_Hook->apply_filters(NULL, Array)
#37 C:\Users\astou\Local Sites\planty\app\public\wp-includes\plugin.php(517): WP_Hook->do_action(Array)
#38 C:\Users\astou\Local Sites\planty\app\public\wp-content\themes\astra\inc\core\theme-hooks.php(145): do_action('astra_header')
#39 C:\Users\astou\Local Sites\planty\app\public\wp-content\themes\astra\header.php(61): astra_header()
#40 C:\Users\astou\Local Sites\planty\app\public\wp-includes\template.php(783): require_once('C:\\Users\\astou\\...')
#41 C:\Users\astou\Local Sites\planty\app\public\wp-includes\template.php(718): load_template('C:\\Users\\astou\\...', true, Array)
#42 C:\Users\astou\Local Sites\planty\app\public\wp-includes\general-template.php(48): locate_template(Array, true, true, Array)
#43 C:\Users\astou\Local Sites\planty\app\public\wp-content\themes\astra\404.php(15): get_header()
#44 C:\Users\astou\Local Sites\planty\app\public\wp-includes\template-loader.php(106): include('C:\\Users\\astou\\...')
#45 C:\Users\astou\Local Sites\planty\app\public\wp-blog-header.php(19): require_once('C:\\Users\\astou\\...')
#46 C:\Users\astou\Local Sites\planty\app\public\index.php(17): require('C:\\Users\\astou\\...')
#47 {main}
  thrown in C:\Users\astou\Local Sites\planty\app\public\wp-content\themes\astra-child\functions.php on line 29
[13-Jun-2023 20:46:04 UTC] Sync process for Gutenberg Blocks has started.
[13-Jun-2023 20:46:04 UTC] CATEGORY:Importing categories..
[13-Jun-2023 20:46:09 UTC] CATEGORY:API Error: cURL error 7: Failed to connect to websitedemos.net port 443: Host unreachable
[13-Jun-2023 20:46:09 UTC] CATEGORY:Completed category import.
[13-Jun-2023 20:46:09 UTC] BLOCK: Getting Total Blocks
[13-Jun-2023 20:46:09 UTC] BLOCK: https://websitedemos.net/wp-json/astra-blocks/v1/get-blocks-count/?page_builder=gutenberg&wireframe=yes
[13-Jun-2023 20:46:09 UTC] SITE: Getting Total Sites
[13-Jun-2023 20:46:09 UTC] SITE: https://websitedemos.net/wp-json/astra-sites/v1/get-total-pages/?page_builder=gutenberg
[13-Jun-2023 20:46:09 UTC] SITE: Request Failed! Still Calling..
[13-Jun-2023 20:46:09 UTC] Sync process for Gutenberg Blocks is done.
