2023-06-10T14:52:46+00:00 CRITICAL syntax error, unexpected token "return" dans C:\Users\astou\Local Sites\planty\app\public\wp-content\themes\astra-child\functions.php à la ligne 36

2023-06-10T14:52:46+00:00 CRITICAL syntax error, unexpected token "return" dans C:\Users\astou\Local Sites\planty\app\public\wp-content\themes\astra-child\functions.php à la ligne 36

2023-06-10T14:53:07+00:00 CRITICAL syntax error, unexpected token "return" dans C:\Users\astou\Local Sites\planty\app\public\wp-content\themes\astra-child\functions.php à la ligne 36

2023-06-10T14:53:09+00:00 CRITICAL syntax error, unexpected token "return" dans C:\Users\astou\Local Sites\planty\app\public\wp-content\themes\astra-child\functions.php à la ligne 36

2023-06-10T14:53:55+00:00 CRITICAL syntax error, unexpected token "return" dans C:\Users\astou\Local Sites\planty\app\public\wp-content\themes\astra-child\functions.php à la ligne 36

2023-06-10T14:54:34+00:00 CRITICAL Uncaught Error: Cannot use object of type WP_Term as array in C:\Users\astou\Local Sites\planty\app\public\wp-content\themes\astra-child\functions.php:35
Stack trace:
#0 C:\Users\astou\Local Sites\planty\app\public\wp-includes\class-wp-hook.php(308): add_extra_item_to_nav_menu('<li id="menu-it...', Object(stdClass))
#1 C:\Users\astou\Local Sites\planty\app\public\wp-includes\plugin.php(205): WP_Hook->apply_filters('<li id="menu-it...', Array)
#2 C:\Users\astou\Local Sites\planty\app\public\wp-includes\nav-menu-template.php(267): apply_filters('wp_nav_menu_ite...', '<li id="menu-it...', Object(stdClass))
#3 C:\Users\astou\Local Sites\planty\app\public\wp-content\themes\astra\inc\builder\type\header\menu\class-astra-header-menu-component.php(131): wp_nav_menu(Object(stdClass))
#4 C:\Users\astou\Local Sites\planty\app\public\wp-content\themes\astra\inc\builder\markup\class-astra-builder-header.php(126): Astra_Header_Menu_Component::menu_markup(1, 'desktop')
#5 C:\Users\astou\Local Sites\planty\app\public\wp-includes\class-wp-hook.php(308): Astra_Builder_Header->__call('menu_1', Array)
#6 C:\Users\astou\Local Sites\planty\app\public\wp-includes\class-wp-hook.php(332): WP_Hook->apply_filters('', Array)
#7 C:\Users\astou\Local Sites\planty\app\public\wp-includes\plugin.php(517): WP_Hook->do_action(Array)
#8 C:\Users\astou\Local Sites\planty\app\public\wp-content\themes\astra\template-parts\header\builder\components.php(44): do_action('astra_header_me...', 'desktop')
#9 C:\Users\astou\Local Sites\planty\app\public\wp-includes\template.php(785): require('C:\\Users\\astou\\...')
#10 C:\Users\astou\Local Sites\planty\app\public\wp-includes\template.php(718): load_template('C:\\Users\\astou\\...', false, Array)
#11 C:\Users\astou\Local Sites\planty\app\public\wp-includes\general-template.php(204): locate_template(Array, true, false, Array)
#12 C:\Users\astou\Local Sites\planty\app\public\wp-content\themes\astra\inc\core\builder\class-astra-builder-helper.php(932): get_template_part('template-parts/...', '', Array)
#13 C:\Users\astou\Local Sites\planty\app\public\wp-content\themes\astra\inc\builder\markup\class-astra-builder-header.php(234): Astra_Builder_Helper::render_builder_markup('primary', 'right', 'desktop', 'header')
#14 C:\Users\astou\Local Sites\planty\app\public\wp-includes\class-wp-hook.php(308): Astra_Builder_Header->render_column('primary', 'right')
#15 C:\Users\astou\Local Sites\planty\app\public\wp-includes\class-wp-hook.php(332): WP_Hook->apply_filters('', Array)
#16 C:\Users\astou\Local Sites\planty\app\public\wp-includes\plugin.php(517): WP_Hook->do_action(Array)
#17 C:\Users\astou\Local Sites\planty\app\public\wp-content\themes\astra\template-parts\header\builder\header-row.php(84): do_action('astra_render_he...', 'primary', 'right')
#18 C:\Users\astou\Local Sites\planty\app\public\wp-includes\template.php(785): require('C:\\Users\\astou\\...')
#19 C:\Users\astou\Local Sites\planty\app\public\wp-includes\template.php(718): load_template('C:\\Users\\astou\\...', false, Array)
#20 C:\Users\astou\Local Sites\planty\app\public\wp-includes\general-template.php(204): locate_template(Array, true, false, Array)
#21 C:\Users\astou\Local Sites\planty\app\public\wp-content\themes\astra\inc\builder\markup\class-astra-builder-header.php(282): get_template_part('template-parts/...', 'row', Array)
#22 C:\Users\astou\Local Sites\planty\app\public\wp-includes\class-wp-hook.php(308): Astra_Builder_Header->primary_header('')
#23 C:\Users\astou\Local Sites\planty\app\public\wp-includes\class-wp-hook.php(332): WP_Hook->apply_filters('', Array)
#24 C:\Users\astou\Local Sites\planty\app\public\wp-includes\plugin.php(517): WP_Hook->do_action(Array)
#25 C:\Users\astou\Local Sites\planty\app\public\wp-content\themes\astra\template-parts\header\builder\desktop-builder-layout.php(27): do_action('astra_primary_h...')
#26 C:\Users\astou\Local Sites\planty\app\public\wp-includes\template.php(785): require('C:\\Users\\astou\\...')
#27 C:\Users\astou\Local Sites\planty\app\public\wp-includes\template.php(718): load_template('C:\\Users\\astou\\...', false, Array)
#28 C:\Users\astou\Local Sites\planty\app\public\wp-includes\general-template.php(204): locate_template(Array, true, false, Array)
#29 C:\Users\astou\Local Sites\planty\app\public\wp-content\themes\astra\inc\builder\markup\class-astra-builder-header.php(241): get_template_part('template-parts/...')
#30 C:\Users\astou\Local Sites\planty\app\public\wp-includes\class-wp-hook.php(308): Astra_Builder_Header->desktop_header('')
#31 C:\Users\astou\Local Sites\planty\app\public\wp-includes\class-wp-hook.php(332): WP_Hook->apply_filters('', Array)
#32 C:\Users\astou\Local Sites\planty\app\public\wp-includes\plugin.php(517): WP_Hook->do_action(Array)
#33 C:\Users\astou\Local Sites\planty\app\public\wp-content\themes\astra\inc\core\theme-hooks.php(159): do_action('astra_masthead')
#34 C:\Users\astou\Local Sites\planty\app\public\wp-content\themes\astra\inc\markup-extras.php(682): astra_masthead()
#35 C:\Users\astou\Local Sites\planty\app\public\wp-includes\class-wp-hook.php(308): astra_header_markup('')
#36 C:\Users\astou\Local Sites\planty\app\public\wp-includes\class-wp-hook.php(332): WP_Hook->apply_filters(NULL, Array)
#37 C:\Users\astou\Local Sites\planty\app\public\wp-includes\plugin.php(517): WP_Hook->do_action(Array)
#38 C:\Users\astou\Local Sites\planty\app\public\wp-content\themes\astra\inc\core\theme-hooks.php(145): do_action('astra_header')
#39 C:\Users\astou\Local Sites\planty\app\public\wp-content\themes\astra\header.php(61): astra_header()
#40 C:\Users\astou\Local Sites\planty\app\public\wp-includes\template.php(783): require_once('C:\\Users\\astou\\...')
#41 C:\Users\astou\Local Sites\planty\app\public\wp-includes\template.php(718): load_template('C:\\Users\\astou\\...', true, Array)
#42 C:\Users\astou\Local Sites\planty\app\public\wp-includes\general-template.php(48): locate_template(Array, true, true, Array)
#43 C:\Users\astou\Local Sites\planty\app\public\wp-content\themes\astra\page.php(20): get_header()
#44 C:\Users\astou\Local Sites\planty\app\public\wp-includes\template-loader.php(106): include('C:\\Users\\astou\\...')
#45 C:\Users\astou\Local Sites\planty\app\public\wp-blog-header.php(19): require_once('C:\\Users\\astou\\...')
#46 C:\Users\astou\Local Sites\planty\app\public\index.php(17): require('C:\\Users\\astou\\...')
#47 {main}
  thrown dans C:\Users\astou\Local Sites\planty\app\public\wp-content\themes\astra-child\functions.php à la ligne 35

2023-06-10T14:58:56+00:00 CRITICAL syntax error, unexpected token "return" dans C:\Users\astou\Local Sites\planty\app\public\wp-content\themes\astra-child\functions.php à la ligne 37

2023-06-10T15:01:01+00:00 CRITICAL syntax error, unexpected token "return" dans C:\Users\astou\Local Sites\planty\app\public\wp-content\themes\astra-child\functions.php à la ligne 37

2023-06-10T15:04:44+00:00 CRITICAL Uncaught Error: Object of class WP_Term could not be converted to string in C:\Users\astou\Local Sites\planty\app\public\wp-content\themes\astra-child\functions.php:36
Stack trace:
#0 C:\Users\astou\Local Sites\planty\app\public\wp-includes\class-wp-hook.php(308): add_extra_item_to_nav_menu('<li id="menu-it...', Object(stdClass))
#1 C:\Users\astou\Local Sites\planty\app\public\wp-includes\plugin.php(205): WP_Hook->apply_filters('<li id="menu-it...', Array)
#2 C:\Users\astou\Local Sites\planty\app\public\wp-includes\nav-menu-template.php(267): apply_filters('wp_nav_menu_ite...', '<li id="menu-it...', Object(stdClass))
#3 C:\Users\astou\Local Sites\planty\app\public\wp-content\themes\astra\inc\builder\type\header\menu\class-astra-header-menu-component.php(131): wp_nav_menu(Object(stdClass))
#4 C:\Users\astou\Local Sites\planty\app\public\wp-content\themes\astra\inc\builder\markup\class-astra-builder-header.php(126): Astra_Header_Menu_Component::menu_markup(1, 'desktop')
#5 C:\Users\astou\Local Sites\planty\app\public\wp-includes\class-wp-hook.php(308): Astra_Builder_Header->__call('menu_1', Array)
#6 C:\Users\astou\Local Sites\planty\app\public\wp-includes\class-wp-hook.php(332): WP_Hook->apply_filters('', Array)
#7 C:\Users\astou\Local Sites\planty\app\public\wp-includes\plugin.php(517): WP_Hook->do_action(Array)
#8 C:\Users\astou\Local Sites\planty\app\public\wp-content\themes\astra\template-parts\header\builder\components.php(44): do_action('astra_header_me...', 'desktop')
#9 C:\Users\astou\Local Sites\planty\app\public\wp-includes\template.php(785): require('C:\\Users\\astou\\...')
#10 C:\Users\astou\Local Sites\planty\app\public\wp-includes\template.php(718): load_template('C:\\Users\\astou\\...', false, Array)
#11 C:\Users\astou\Local Sites\planty\app\public\wp-includes\general-template.php(204): locate_template(Array, true, false, Array)
#12 C:\Users\astou\Local Sites\planty\app\public\wp-content\themes\astra\inc\core\builder\class-astra-builder-helper.php(932): get_template_part('template-parts/...', '', Array)
#13 C:\Users\astou\Local Sites\planty\app\public\wp-content\themes\astra\inc\builder\markup\class-astra-builder-header.php(234): Astra_Builder_Helper::render_builder_markup('primary', 'right', 'desktop', 'header')
#14 C:\Users\astou\Local Sites\planty\app\public\wp-includes\class-wp-hook.php(308): Astra_Builder_Header->render_column('primary', 'right')
#15 C:\Users\astou\Local Sites\planty\app\public\wp-includes\class-wp-hook.php(332): WP_Hook->apply_filters('', Array)
#16 C:\Users\astou\Local Sites\planty\app\public\wp-includes\plugin.php(517): WP_Hook->do_action(Array)
#17 C:\Users\astou\Local Sites\planty\app\public\wp-content\themes\astra\template-parts\header\builder\header-row.php(84): do_action('astra_render_he...', 'primary', 'right')
#18 C:\Users\astou\Local Sites\planty\app\public\wp-includes\template.php(785): require('C:\\Users\\astou\\...')
#19 C:\Users\astou\Local Sites\planty\app\public\wp-includes\template.php(718): load_template('C:\\Users\\astou\\...', false, Array)
#20 C:\Users\astou\Local Sites\planty\app\public\wp-includes\general-template.php(204): locate_template(Array, true, false, Array)
#21 C:\Users\astou\Local Sites\planty\app\public\wp-content\themes\astra\inc\builder\markup\class-astra-builder-header.php(282): get_template_part('template-parts/...', 'row', Array)
#22 C:\Users\astou\Local Sites\planty\app\public\wp-includes\class-wp-hook.php(308): Astra_Builder_Header->primary_header('')
#23 C:\Users\astou\Local Sites\planty\app\public\wp-includes\class-wp-hook.php(332): WP_Hook->apply_filters('', Array)
#24 C:\Users\astou\Local Sites\planty\app\public\wp-includes\plugin.php(517): WP_Hook->do_action(Array)
#25 C:\Users\astou\Local Sites\planty\app\public\wp-content\themes\astra\template-parts\header\builder\desktop-builder-layout.php(27): do_action('astra_primary_h...')
#26 C:\Users\astou\Local Sites\planty\app\public\wp-includes\template.php(785): require('C:\\Users\\astou\\...')
#27 C:\Users\astou\Local Sites\planty\app\public\wp-includes\template.php(718): load_template('C:\\Users\\astou\\...', false, Array)
#28 C:\Users\astou\Local Sites\planty\app\public\wp-includes\general-template.php(204): locate_template(Array, true, false, Array)
#29 C:\Users\astou\Local Sites\planty\app\public\wp-content\themes\astra\inc\builder\markup\class-astra-builder-header.php(241): get_template_part('template-parts/...')
#30 C:\Users\astou\Local Sites\planty\app\public\wp-includes\class-wp-hook.php(308): Astra_Builder_Header->desktop_header('')
#31 C:\Users\astou\Local Sites\planty\app\public\wp-includes\class-wp-hook.php(332): WP_Hook->apply_filters('', Array)
#32 C:\Users\astou\Local Sites\planty\app\public\wp-includes\plugin.php(517): WP_Hook->do_action(Array)
#33 C:\Users\astou\Local Sites\planty\app\public\wp-content\themes\astra\inc\core\theme-hooks.php(159): do_action('astra_masthead')
#34 C:\Users\astou\Local Sites\planty\app\public\wp-content\themes\astra\inc\markup-extras.php(682): astra_masthead()
#35 C:\Users\astou\Local Sites\planty\app\public\wp-includes\class-wp-hook.php(308): astra_header_markup('')
#36 C:\Users\astou\Local Sites\planty\app\public\wp-includes\class-wp-hook.php(332): WP_Hook->apply_filters(NULL, Array)
#37 C:\Users\astou\Local Sites\planty\app\public\wp-includes\plugin.php(517): WP_Hook->do_action(Array)
#38 C:\Users\astou\Local Sites\planty\app\public\wp-content\themes\astra\inc\core\theme-hooks.php(145): do_action('astra_header')
#39 C:\Users\astou\Local Sites\planty\app\public\wp-content\themes\astra\header.php(61): astra_header()
#40 C:\Users\astou\Local Sites\planty\app\public\wp-includes\template.php(783): require_once('C:\\Users\\astou\\...')
#41 C:\Users\astou\Local Sites\planty\app\public\wp-includes\template.php(718): load_template('C:\\Users\\astou\\...', true, Array)
#42 C:\Users\astou\Local Sites\planty\app\public\wp-includes\general-template.php(48): locate_template(Array, true, true, Array)
#43 C:\Users\astou\Local Sites\planty\app\public\wp-content\themes\astra\page.php(20): get_header()
#44 C:\Users\astou\Local Sites\planty\app\public\wp-includes\template-loader.php(106): include('C:\\Users\\astou\\...')
#45 C:\Users\astou\Local Sites\planty\app\public\wp-blog-header.php(19): require_once('C:\\Users\\astou\\...')
#46 C:\Users\astou\Local Sites\planty\app\public\index.php(17): require('C:\\Users\\astou\\...')
#47 {main}
  thrown dans C:\Users\astou\Local Sites\planty\app\public\wp-content\themes\astra-child\functions.php à la ligne 36

2023-06-10T15:24:23+00:00 CRITICAL syntax error, unexpected token "return" dans C:\Users\astou\Local Sites\planty\app\public\wp-content\themes\astra-child\functions.php à la ligne 38

2023-06-10T15:24:24+00:00 CRITICAL syntax error, unexpected token "return" dans C:\Users\astou\Local Sites\planty\app\public\wp-content\themes\astra-child\functions.php à la ligne 38

2023-06-10T15:36:42+00:00 CRITICAL syntax error, unexpected token "<", expecting end of file dans C:\Users\astou\Local Sites\planty\app\public\wp-content\themes\astra-child\functions.php à la ligne 40

2023-06-10T15:38:01+00:00 CRITICAL syntax error, unexpected token "<", expecting end of file dans C:\Users\astou\Local Sites\planty\app\public\wp-content\themes\astra-child\functions.php à la ligne 40

2023-06-10T15:38:43+00:00 CRITICAL syntax error, unexpected token "<", expecting end of file dans C:\Users\astou\Local Sites\planty\app\public\wp-content\themes\astra-child\functions.php à la ligne 40

2023-06-10T15:39:48+00:00 CRITICAL syntax error, unexpected token "<", expecting end of file dans C:\Users\astou\Local Sites\planty\app\public\wp-content\themes\astra-child\functions.php à la ligne 40

2023-06-10T15:48:20+00:00 CRITICAL Uncaught Error: Undefined constant "isLogged" in C:\Users\astou\Local Sites\planty\app\public\wp-content\themes\astra-child\functions.php:33
Stack trace:
#0 C:\Users\astou\Local Sites\planty\app\public\wp-includes\class-wp-hook.php(308): add_extra_item_to_nav_menu('<li id="menu-it...', Object(stdClass))
#1 C:\Users\astou\Local Sites\planty\app\public\wp-includes\plugin.php(205): WP_Hook->apply_filters('<li id="menu-it...', Array)
#2 C:\Users\astou\Local Sites\planty\app\public\wp-includes\nav-menu-template.php(267): apply_filters('wp_nav_menu_ite...', '<li id="menu-it...', Object(stdClass))
#3 C:\Users\astou\Local Sites\planty\app\public\wp-content\themes\astra\inc\builder\type\header\menu\class-astra-header-menu-component.php(131): wp_nav_menu(Object(stdClass))
#4 C:\Users\astou\Local Sites\planty\app\public\wp-content\themes\astra\inc\builder\markup\class-astra-builder-header.php(126): Astra_Header_Menu_Component::menu_markup(1, 'desktop')
#5 C:\Users\astou\Local Sites\planty\app\public\wp-includes\class-wp-hook.php(308): Astra_Builder_Header->__call('menu_1', Array)
#6 C:\Users\astou\Local Sites\planty\app\public\wp-includes\class-wp-hook.php(332): WP_Hook->apply_filters('', Array)
#7 C:\Users\astou\Local Sites\planty\app\public\wp-includes\plugin.php(517): WP_Hook->do_action(Array)
#8 C:\Users\astou\Local Sites\planty\app\public\wp-content\themes\astra\template-parts\header\builder\components.php(44): do_action('astra_header_me...', 'desktop')
#9 C:\Users\astou\Local Sites\planty\app\public\wp-includes\template.php(785): require('C:\\Users\\astou\\...')
#10 C:\Users\astou\Local Sites\planty\app\public\wp-includes\template.php(718): load_template('C:\\Users\\astou\\...', false, Array)
#11 C:\Users\astou\Local Sites\planty\app\public\wp-includes\general-template.php(204): locate_template(Array, true, false, Array)
#12 C:\Users\astou\Local Sites\planty\app\public\wp-content\themes\astra\inc\core\builder\class-astra-builder-helper.php(932): get_template_part('template-parts/...', '', Array)
#13 C:\Users\astou\Local Sites\planty\app\public\wp-content\themes\astra\inc\builder\markup\class-astra-builder-header.php(234): Astra_Builder_Helper::render_builder_markup('primary', 'right', 'desktop', 'header')
#14 C:\Users\astou\Local Sites\planty\app\public\wp-includes\class-wp-hook.php(308): Astra_Builder_Header->render_column('primary', 'right')
#15 C:\Users\astou\Local Sites\planty\app\public\wp-includes\class-wp-hook.php(332): WP_Hook->apply_filters('', Array)
#16 C:\Users\astou\Local Sites\planty\app\public\wp-includes\plugin.php(517): WP_Hook->do_action(Array)
#17 C:\Users\astou\Local Sites\planty\app\public\wp-content\themes\astra\template-parts\header\builder\header-row.php(84): do_action('astra_render_he...', 'primary', 'right')
#18 C:\Users\astou\Local Sites\planty\app\public\wp-includes\template.php(785): require('C:\\Users\\astou\\...')
#19 C:\Users\astou\Local Sites\planty\app\public\wp-includes\template.php(718): load_template('C:\\Users\\astou\\...', false, Array)
#20 C:\Users\astou\Local Sites\planty\app\public\wp-includes\general-template.php(204): locate_template(Array, true, false, Array)
#21 C:\Users\astou\Local Sites\planty\app\public\wp-content\themes\astra\inc\builder\markup\class-astra-builder-header.php(282): get_template_part('template-parts/...', 'row', Array)
#22 C:\Users\astou\Local Sites\planty\app\public\wp-includes\class-wp-hook.php(308): Astra_Builder_Header->primary_header('')
#23 C:\Users\astou\Local Sites\planty\app\public\wp-includes\class-wp-hook.php(332): WP_Hook->apply_filters('', Array)
#24 C:\Users\astou\Local Sites\planty\app\public\wp-includes\plugin.php(517): WP_Hook->do_action(Array)
#25 C:\Users\astou\Local Sites\planty\app\public\wp-content\themes\astra\template-parts\header\builder\desktop-builder-layout.php(27): do_action('astra_primary_h...')
#26 C:\Users\astou\Local Sites\planty\app\public\wp-includes\template.php(785): require('C:\\Users\\astou\\...')
#27 C:\Users\astou\Local Sites\planty\app\public\wp-includes\template.php(718): load_template('C:\\Users\\astou\\...', false, Array)
#28 C:\Users\astou\Local Sites\planty\app\public\wp-includes\general-template.php(204): locate_template(Array, true, false, Array)
#29 C:\Users\astou\Local Sites\planty\app\public\wp-content\themes\astra\inc\builder\markup\class-astra-builder-header.php(241): get_template_part('template-parts/...')
#30 C:\Users\astou\Local Sites\planty\app\public\wp-includes\class-wp-hook.php(308): Astra_Builder_Header->desktop_header('')
#31 C:\Users\astou\Local Sites\planty\app\public\wp-includes\class-wp-hook.php(332): WP_Hook->apply_filters('', Array)
#32 C:\Users\astou\Local Sites\planty\app\public\wp-includes\plugin.php(517): WP_Hook->do_action(Array)
#33 C:\Users\astou\Local Sites\planty\app\public\wp-content\themes\astra\inc\core\theme-hooks.php(159): do_action('astra_masthead')
#34 C:\Users\astou\Local Sites\planty\app\public\wp-content\themes\astra\inc\markup-extras.php(682): astra_masthead()
#35 C:\Users\astou\Local Sites\planty\app\public\wp-includes\class-wp-hook.php(308): astra_header_markup('')
#36 C:\Users\astou\Local Sites\planty\app\public\wp-includes\class-wp-hook.php(332): WP_Hook->apply_filters(NULL, Array)
#37 C:\Users\astou\Local Sites\planty\app\public\wp-includes\plugin.php(517): WP_Hook->do_action(Array)
#38 C:\Users\astou\Local Sites\planty\app\public\wp-content\themes\astra\inc\core\theme-hooks.php(145): do_action('astra_header')
#39 C:\Users\astou\Local Sites\planty\app\public\wp-content\themes\astra\header.php(61): astra_header()
#40 C:\Users\astou\Local Sites\planty\app\public\wp-includes\template.php(783): require_once('C:\\Users\\astou\\...')
#41 C:\Users\astou\Local Sites\planty\app\public\wp-includes\template.php(718): load_template('C:\\Users\\astou\\...', true, Array)
#42 C:\Users\astou\Local Sites\planty\app\public\wp-includes\general-template.php(48): locate_template(Array, true, true, Array)
#43 C:\Users\astou\Local Sites\planty\app\public\wp-content\themes\astra\page.php(20): get_header()
#44 C:\Users\astou\Local Sites\planty\app\public\wp-includes\template-loader.php(106): include('C:\\Users\\astou\\...')
#45 C:\Users\astou\Local Sites\planty\app\public\wp-blog-header.php(19): require_once('C:\\Users\\astou\\...')
#46 C:\Users\astou\Local Sites\planty\app\public\index.php(17): require('C:\\Users\\astou\\...')
#47 {main}
  thrown dans C:\Users\astou\Local Sites\planty\app\public\wp-content\themes\astra-child\functions.php à la ligne 33

2023-06-10T15:49:25+00:00 CRITICAL Uncaught Error: Undefined constant "isLogged" in C:\Users\astou\Local Sites\planty\app\public\wp-content\themes\astra-child\functions.php:33
Stack trace:
#0 C:\Users\astou\Local Sites\planty\app\public\wp-includes\class-wp-hook.php(308): add_extra_item_to_nav_menu('<li id="menu-it...', Object(stdClass))
#1 C:\Users\astou\Local Sites\planty\app\public\wp-includes\plugin.php(205): WP_Hook->apply_filters('<li id="menu-it...', Array)
#2 C:\Users\astou\Local Sites\planty\app\public\wp-includes\nav-menu-template.php(267): apply_filters('wp_nav_menu_ite...', '<li id="menu-it...', Object(stdClass))
#3 C:\Users\astou\Local Sites\planty\app\public\wp-content\themes\astra\inc\builder\type\header\menu\class-astra-header-menu-component.php(131): wp_nav_menu(Object(stdClass))
#4 C:\Users\astou\Local Sites\planty\app\public\wp-content\themes\astra\inc\builder\markup\class-astra-builder-header.php(126): Astra_Header_Menu_Component::menu_markup(1, 'desktop')
#5 C:\Users\astou\Local Sites\planty\app\public\wp-includes\class-wp-hook.php(308): Astra_Builder_Header->__call('menu_1', Array)
#6 C:\Users\astou\Local Sites\planty\app\public\wp-includes\class-wp-hook.php(332): WP_Hook->apply_filters('', Array)
#7 C:\Users\astou\Local Sites\planty\app\public\wp-includes\plugin.php(517): WP_Hook->do_action(Array)
#8 C:\Users\astou\Local Sites\planty\app\public\wp-content\themes\astra\template-parts\header\builder\components.php(44): do_action('astra_header_me...', 'desktop')
#9 C:\Users\astou\Local Sites\planty\app\public\wp-includes\template.php(785): require('C:\\Users\\astou\\...')
#10 C:\Users\astou\Local Sites\planty\app\public\wp-includes\template.php(718): load_template('C:\\Users\\astou\\...', false, Array)
#11 C:\Users\astou\Local Sites\planty\app\public\wp-includes\general-template.php(204): locate_template(Array, true, false, Array)
#12 C:\Users\astou\Local Sites\planty\app\public\wp-content\themes\astra\inc\core\builder\class-astra-builder-helper.php(932): get_template_part('template-parts/...', '', Array)
#13 C:\Users\astou\Local Sites\planty\app\public\wp-content\themes\astra\inc\builder\markup\class-astra-builder-header.php(234): Astra_Builder_Helper::render_builder_markup('primary', 'right', 'desktop', 'header')
#14 C:\Users\astou\Local Sites\planty\app\public\wp-includes\class-wp-hook.php(308): Astra_Builder_Header->render_column('primary', 'right')
#15 C:\Users\astou\Local Sites\planty\app\public\wp-includes\class-wp-hook.php(332): WP_Hook->apply_filters('', Array)
#16 C:\Users\astou\Local Sites\planty\app\public\wp-includes\plugin.php(517): WP_Hook->do_action(Array)
#17 C:\Users\astou\Local Sites\planty\app\public\wp-content\themes\astra\template-parts\header\builder\header-row.php(84): do_action('astra_render_he...', 'primary', 'right')
#18 C:\Users\astou\Local Sites\planty\app\public\wp-includes\template.php(785): require('C:\\Users\\astou\\...')
#19 C:\Users\astou\Local Sites\planty\app\public\wp-includes\template.php(718): load_template('C:\\Users\\astou\\...', false, Array)
#20 C:\Users\astou\Local Sites\planty\app\public\wp-includes\general-template.php(204): locate_template(Array, true, false, Array)
#21 C:\Users\astou\Local Sites\planty\app\public\wp-content\themes\astra\inc\builder\markup\class-astra-builder-header.php(282): get_template_part('template-parts/...', 'row', Array)
#22 C:\Users\astou\Local Sites\planty\app\public\wp-includes\class-wp-hook.php(308): Astra_Builder_Header->primary_header('')
#23 C:\Users\astou\Local Sites\planty\app\public\wp-includes\class-wp-hook.php(332): WP_Hook->apply_filters('', Array)
#24 C:\Users\astou\Local Sites\planty\app\public\wp-includes\plugin.php(517): WP_Hook->do_action(Array)
#25 C:\Users\astou\Local Sites\planty\app\public\wp-content\themes\astra\template-parts\header\builder\desktop-builder-layout.php(27): do_action('astra_primary_h...')
#26 C:\Users\astou\Local Sites\planty\app\public\wp-includes\template.php(785): require('C:\\Users\\astou\\...')
#27 C:\Users\astou\Local Sites\planty\app\public\wp-includes\template.php(718): load_template('C:\\Users\\astou\\...', false, Array)
#28 C:\Users\astou\Local Sites\planty\app\public\wp-includes\general-template.php(204): locate_template(Array, true, false, Array)
#29 C:\Users\astou\Local Sites\planty\app\public\wp-content\themes\astra\inc\builder\markup\class-astra-builder-header.php(241): get_template_part('template-parts/...')
#30 C:\Users\astou\Local Sites\planty\app\public\wp-includes\class-wp-hook.php(308): Astra_Builder_Header->desktop_header('')
#31 C:\Users\astou\Local Sites\planty\app\public\wp-includes\class-wp-hook.php(332): WP_Hook->apply_filters('', Array)
#32 C:\Users\astou\Local Sites\planty\app\public\wp-includes\plugin.php(517): WP_Hook->do_action(Array)
#33 C:\Users\astou\Local Sites\planty\app\public\wp-content\themes\astra\inc\core\theme-hooks.php(159): do_action('astra_masthead')
#34 C:\Users\astou\Local Sites\planty\app\public\wp-content\themes\astra\inc\markup-extras.php(682): astra_masthead()
#35 C:\Users\astou\Local Sites\planty\app\public\wp-includes\class-wp-hook.php(308): astra_header_markup('')
#36 C:\Users\astou\Local Sites\planty\app\public\wp-includes\class-wp-hook.php(332): WP_Hook->apply_filters(NULL, Array)
#37 C:\Users\astou\Local Sites\planty\app\public\wp-includes\plugin.php(517): WP_Hook->do_action(Array)
#38 C:\Users\astou\Local Sites\planty\app\public\wp-content\themes\astra\inc\core\theme-hooks.php(145): do_action('astra_header')
#39 C:\Users\astou\Local Sites\planty\app\public\wp-content\themes\astra\header.php(61): astra_header()
#40 C:\Users\astou\Local Sites\planty\app\public\wp-includes\template.php(783): require_once('C:\\Users\\astou\\...')
#41 C:\Users\astou\Local Sites\planty\app\public\wp-includes\template.php(718): load_template('C:\\Users\\astou\\...', true, Array)
#42 C:\Users\astou\Local Sites\planty\app\public\wp-includes\general-template.php(48): locate_template(Array, true, true, Array)
#43 C:\Users\astou\Local Sites\planty\app\public\wp-content\themes\astra\page.php(20): get_header()
#44 C:\Users\astou\Local Sites\planty\app\public\wp-includes\template-loader.php(106): include('C:\\Users\\astou\\...')
#45 C:\Users\astou\Local Sites\planty\app\public\wp-blog-header.php(19): require_once('C:\\Users\\astou\\...')
#46 C:\Users\astou\Local Sites\planty\app\public\index.php(17): require('C:\\Users\\astou\\...')
#47 {main}
  thrown dans C:\Users\astou\Local Sites\planty\app\public\wp-content\themes\astra-child\functions.php à la ligne 33

2023-06-10T15:50:06+00:00 CRITICAL Uncaught Error: Undefined constant "isLogged" in C:\Users\astou\Local Sites\planty\app\public\wp-content\themes\astra-child\functions.php:33
Stack trace:
#0 C:\Users\astou\Local Sites\planty\app\public\wp-includes\class-wp-hook.php(308): add_extra_item_to_nav_menu('<li id="menu-it...', Object(stdClass))
#1 C:\Users\astou\Local Sites\planty\app\public\wp-includes\plugin.php(205): WP_Hook->apply_filters('<li id="menu-it...', Array)
#2 C:\Users\astou\Local Sites\planty\app\public\wp-includes\nav-menu-template.php(267): apply_filters('wp_nav_menu_ite...', '<li id="menu-it...', Object(stdClass))
#3 C:\Users\astou\Local Sites\planty\app\public\wp-content\themes\astra\inc\builder\type\header\menu\class-astra-header-menu-component.php(131): wp_nav_menu(Object(stdClass))
#4 C:\Users\astou\Local Sites\planty\app\public\wp-content\themes\astra\inc\builder\markup\class-astra-builder-header.php(126): Astra_Header_Menu_Component::menu_markup(1, 'desktop')
#5 C:\Users\astou\Local Sites\planty\app\public\wp-includes\class-wp-hook.php(308): Astra_Builder_Header->__call('menu_1', Array)
#6 C:\Users\astou\Local Sites\planty\app\public\wp-includes\class-wp-hook.php(332): WP_Hook->apply_filters('', Array)
#7 C:\Users\astou\Local Sites\planty\app\public\wp-includes\plugin.php(517): WP_Hook->do_action(Array)
#8 C:\Users\astou\Local Sites\planty\app\public\wp-content\themes\astra\template-parts\header\builder\components.php(44): do_action('astra_header_me...', 'desktop')
#9 C:\Users\astou\Local Sites\planty\app\public\wp-includes\template.php(785): require('C:\\Users\\astou\\...')
#10 C:\Users\astou\Local Sites\planty\app\public\wp-includes\template.php(718): load_template('C:\\Users\\astou\\...', false, Array)
#11 C:\Users\astou\Local Sites\planty\app\public\wp-includes\general-template.php(204): locate_template(Array, true, false, Array)
#12 C:\Users\astou\Local Sites\planty\app\public\wp-content\themes\astra\inc\core\builder\class-astra-builder-helper.php(932): get_template_part('template-parts/...', '', Array)
#13 C:\Users\astou\Local Sites\planty\app\public\wp-content\themes\astra\inc\builder\markup\class-astra-builder-header.php(234): Astra_Builder_Helper::render_builder_markup('primary', 'right', 'desktop', 'header')
#14 C:\Users\astou\Local Sites\planty\app\public\wp-includes\class-wp-hook.php(308): Astra_Builder_Header->render_column('primary', 'right')
#15 C:\Users\astou\Local Sites\planty\app\public\wp-includes\class-wp-hook.php(332): WP_Hook->apply_filters('', Array)
#16 C:\Users\astou\Local Sites\planty\app\public\wp-includes\plugin.php(517): WP_Hook->do_action(Array)
#17 C:\Users\astou\Local Sites\planty\app\public\wp-content\themes\astra\template-parts\header\builder\header-row.php(84): do_action('astra_render_he...', 'primary', 'right')
#18 C:\Users\astou\Local Sites\planty\app\public\wp-includes\template.php(785): require('C:\\Users\\astou\\...')
#19 C:\Users\astou\Local Sites\planty\app\public\wp-includes\template.php(718): load_template('C:\\Users\\astou\\...', false, Array)
#20 C:\Users\astou\Local Sites\planty\app\public\wp-includes\general-template.php(204): locate_template(Array, true, false, Array)
#21 C:\Users\astou\Local Sites\planty\app\public\wp-content\themes\astra\inc\builder\markup\class-astra-builder-header.php(282): get_template_part('template-parts/...', 'row', Array)
#22 C:\Users\astou\Local Sites\planty\app\public\wp-includes\class-wp-hook.php(308): Astra_Builder_Header->primary_header('')
#23 C:\Users\astou\Local Sites\planty\app\public\wp-includes\class-wp-hook.php(332): WP_Hook->apply_filters('', Array)
#24 C:\Users\astou\Local Sites\planty\app\public\wp-includes\plugin.php(517): WP_Hook->do_action(Array)
#25 C:\Users\astou\Local Sites\planty\app\public\wp-content\themes\astra\template-parts\header\builder\desktop-builder-layout.php(27): do_action('astra_primary_h...')
#26 C:\Users\astou\Local Sites\planty\app\public\wp-includes\template.php(785): require('C:\\Users\\astou\\...')
#27 C:\Users\astou\Local Sites\planty\app\public\wp-includes\template.php(718): load_template('C:\\Users\\astou\\...', false, Array)
#28 C:\Users\astou\Local Sites\planty\app\public\wp-includes\general-template.php(204): locate_template(Array, true, false, Array)
#29 C:\Users\astou\Local Sites\planty\app\public\wp-content\themes\astra\inc\builder\markup\class-astra-builder-header.php(241): get_template_part('template-parts/...')
#30 C:\Users\astou\Local Sites\planty\app\public\wp-includes\class-wp-hook.php(308): Astra_Builder_Header->desktop_header('')
#31 C:\Users\astou\Local Sites\planty\app\public\wp-includes\class-wp-hook.php(332): WP_Hook->apply_filters('', Array)
#32 C:\Users\astou\Local Sites\planty\app\public\wp-includes\plugin.php(517): WP_Hook->do_action(Array)
#33 C:\Users\astou\Local Sites\planty\app\public\wp-content\themes\astra\inc\core\theme-hooks.php(159): do_action('astra_masthead')
#34 C:\Users\astou\Local Sites\planty\app\public\wp-content\themes\astra\inc\markup-extras.php(682): astra_masthead()
#35 C:\Users\astou\Local Sites\planty\app\public\wp-includes\class-wp-hook.php(308): astra_header_markup('')
#36 C:\Users\astou\Local Sites\planty\app\public\wp-includes\class-wp-hook.php(332): WP_Hook->apply_filters(NULL, Array)
#37 C:\Users\astou\Local Sites\planty\app\public\wp-includes\plugin.php(517): WP_Hook->do_action(Array)
#38 C:\Users\astou\Local Sites\planty\app\public\wp-content\themes\astra\inc\core\theme-hooks.php(145): do_action('astra_header')
#39 C:\Users\astou\Local Sites\planty\app\public\wp-content\themes\astra\header.php(61): astra_header()
#40 C:\Users\astou\Local Sites\planty\app\public\wp-includes\template.php(783): require_once('C:\\Users\\astou\\...')
#41 C:\Users\astou\Local Sites\planty\app\public\wp-includes\template.php(718): load_template('C:\\Users\\astou\\...', true, Array)
#42 C:\Users\astou\Local Sites\planty\app\public\wp-includes\general-template.php(48): locate_template(Array, true, true, Array)
#43 C:\Users\astou\Local Sites\planty\app\public\wp-content\themes\astra\page.php(20): get_header()
#44 C:\Users\astou\Local Sites\planty\app\public\wp-includes\template-loader.php(106): include('C:\\Users\\astou\\...')
#45 C:\Users\astou\Local Sites\planty\app\public\wp-blog-header.php(19): require_once('C:\\Users\\astou\\...')
#46 C:\Users\astou\Local Sites\planty\app\public\index.php(17): require('C:\\Users\\astou\\...')
#47 {main}
  thrown dans C:\Users\astou\Local Sites\planty\app\public\wp-content\themes\astra-child\functions.php à la ligne 33

2023-06-10T15:53:55+00:00 CRITICAL Uncaught Error: Object of class WP_Term could not be converted to string in C:\Users\astou\Local Sites\planty\app\public\wp-content\themes\astra-child\functions.php:34
Stack trace:
#0 C:\Users\astou\Local Sites\planty\app\public\wp-includes\class-wp-hook.php(308): add_extra_item_to_nav_menu('<li id="menu-it...', Object(stdClass))
#1 C:\Users\astou\Local Sites\planty\app\public\wp-includes\plugin.php(205): WP_Hook->apply_filters('<li id="menu-it...', Array)
#2 C:\Users\astou\Local Sites\planty\app\public\wp-includes\nav-menu-template.php(267): apply_filters('wp_nav_menu_ite...', '<li id="menu-it...', Object(stdClass))
#3 C:\Users\astou\Local Sites\planty\app\public\wp-content\themes\astra\inc\builder\type\header\menu\class-astra-header-menu-component.php(131): wp_nav_menu(Object(stdClass))
#4 C:\Users\astou\Local Sites\planty\app\public\wp-content\themes\astra\inc\builder\markup\class-astra-builder-header.php(126): Astra_Header_Menu_Component::menu_markup(1, 'desktop')
#5 C:\Users\astou\Local Sites\planty\app\public\wp-includes\class-wp-hook.php(308): Astra_Builder_Header->__call('menu_1', Array)
#6 C:\Users\astou\Local Sites\planty\app\public\wp-includes\class-wp-hook.php(332): WP_Hook->apply_filters('', Array)
#7 C:\Users\astou\Local Sites\planty\app\public\wp-includes\plugin.php(517): WP_Hook->do_action(Array)
#8 C:\Users\astou\Local Sites\planty\app\public\wp-content\themes\astra\template-parts\header\builder\components.php(44): do_action('astra_header_me...', 'desktop')
#9 C:\Users\astou\Local Sites\planty\app\public\wp-includes\template.php(785): require('C:\\Users\\astou\\...')
#10 C:\Users\astou\Local Sites\planty\app\public\wp-includes\template.php(718): load_template('C:\\Users\\astou\\...', false, Array)
#11 C:\Users\astou\Local Sites\planty\app\public\wp-includes\general-template.php(204): locate_template(Array, true, false, Array)
#12 C:\Users\astou\Local Sites\planty\app\public\wp-content\themes\astra\inc\core\builder\class-astra-builder-helper.php(932): get_template_part('template-parts/...', '', Array)
#13 C:\Users\astou\Local Sites\planty\app\public\wp-content\themes\astra\inc\builder\markup\class-astra-builder-header.php(234): Astra_Builder_Helper::render_builder_markup('primary', 'right', 'desktop', 'header')
#14 C:\Users\astou\Local Sites\planty\app\public\wp-includes\class-wp-hook.php(308): Astra_Builder_Header->render_column('primary', 'right')
#15 C:\Users\astou\Local Sites\planty\app\public\wp-includes\class-wp-hook.php(332): WP_Hook->apply_filters('', Array)
#16 C:\Users\astou\Local Sites\planty\app\public\wp-includes\plugin.php(517): WP_Hook->do_action(Array)
#17 C:\Users\astou\Local Sites\planty\app\public\wp-content\themes\astra\template-parts\header\builder\header-row.php(84): do_action('astra_render_he...', 'primary', 'right')
#18 C:\Users\astou\Local Sites\planty\app\public\wp-includes\template.php(785): require('C:\\Users\\astou\\...')
#19 C:\Users\astou\Local Sites\planty\app\public\wp-includes\template.php(718): load_template('C:\\Users\\astou\\...', false, Array)
#20 C:\Users\astou\Local Sites\planty\app\public\wp-includes\general-template.php(204): locate_template(Array, true, false, Array)
#21 C:\Users\astou\Local Sites\planty\app\public\wp-content\themes\astra\inc\builder\markup\class-astra-builder-header.php(282): get_template_part('template-parts/...', 'row', Array)
#22 C:\Users\astou\Local Sites\planty\app\public\wp-includes\class-wp-hook.php(308): Astra_Builder_Header->primary_header('')
#23 C:\Users\astou\Local Sites\planty\app\public\wp-includes\class-wp-hook.php(332): WP_Hook->apply_filters('', Array)
#24 C:\Users\astou\Local Sites\planty\app\public\wp-includes\plugin.php(517): WP_Hook->do_action(Array)
#25 C:\Users\astou\Local Sites\planty\app\public\wp-content\themes\astra\template-parts\header\builder\desktop-builder-layout.php(27): do_action('astra_primary_h...')
#26 C:\Users\astou\Local Sites\planty\app\public\wp-includes\template.php(785): require('C:\\Users\\astou\\...')
#27 C:\Users\astou\Local Sites\planty\app\public\wp-includes\template.php(718): load_template('C:\\Users\\astou\\...', false, Array)
#28 C:\Users\astou\Local Sites\planty\app\public\wp-includes\general-template.php(204): locate_template(Array, true, false, Array)
#29 C:\Users\astou\Local Sites\planty\app\public\wp-content\themes\astra\inc\builder\markup\class-astra-builder-header.php(241): get_template_part('template-parts/...')
#30 C:\Users\astou\Local Sites\planty\app\public\wp-includes\class-wp-hook.php(308): Astra_Builder_Header->desktop_header('')
#31 C:\Users\astou\Local Sites\planty\app\public\wp-includes\class-wp-hook.php(332): WP_Hook->apply_filters('', Array)
#32 C:\Users\astou\Local Sites\planty\app\public\wp-includes\plugin.php(517): WP_Hook->do_action(Array)
#33 C:\Users\astou\Local Sites\planty\app\public\wp-content\themes\astra\inc\core\theme-hooks.php(159): do_action('astra_masthead')
#34 C:\Users\astou\Local Sites\planty\app\public\wp-content\themes\astra\inc\markup-extras.php(682): astra_masthead()
#35 C:\Users\astou\Local Sites\planty\app\public\wp-includes\class-wp-hook.php(308): astra_header_markup('')
#36 C:\Users\astou\Local Sites\planty\app\public\wp-includes\class-wp-hook.php(332): WP_Hook->apply_filters(NULL, Array)
#37 C:\Users\astou\Local Sites\planty\app\public\wp-includes\plugin.php(517): WP_Hook->do_action(Array)
#38 C:\Users\astou\Local Sites\planty\app\public\wp-content\themes\astra\inc\core\theme-hooks.php(145): do_action('astra_header')
#39 C:\Users\astou\Local Sites\planty\app\public\wp-content\themes\astra\header.php(61): astra_header()
#40 C:\Users\astou\Local Sites\planty\app\public\wp-includes\template.php(783): require_once('C:\\Users\\astou\\...')
#41 C:\Users\astou\Local Sites\planty\app\public\wp-includes\template.php(718): load_template('C:\\Users\\astou\\...', true, Array)
#42 C:\Users\astou\Local Sites\planty\app\public\wp-includes\general-template.php(48): locate_template(Array, true, true, Array)
#43 C:\Users\astou\Local Sites\planty\app\public\wp-content\themes\astra\page.php(20): get_header()
#44 C:\Users\astou\Local Sites\planty\app\public\wp-includes\template-loader.php(106): include('C:\\Users\\astou\\...')
#45 C:\Users\astou\Local Sites\planty\app\public\wp-blog-header.php(19): require_once('C:\\Users\\astou\\...')
#46 C:\Users\astou\Local Sites\planty\app\public\index.php(17): require('C:\\Users\\astou\\...')
#47 {main}
  thrown dans C:\Users\astou\Local Sites\planty\app\public\wp-content\themes\astra-child\functions.php à la ligne 34

2023-06-10T16:02:53+00:00 CRITICAL Uncaught ArgumentCountError: Too few arguments to function add_extra_item_to_nav_menu(), 1 passed in C:\Users\astou\Local Sites\planty\app\public\wp-includes\class-wp-hook.php on line 310 and exactly 2 expected in C:\Users\astou\Local Sites\planty\app\public\wp-content\themes\astra-child\functions.php:29
Stack trace:
#0 C:\Users\astou\Local Sites\planty\app\public\wp-includes\class-wp-hook.php(310): add_extra_item_to_nav_menu('<li id="menu-it...')
#1 C:\Users\astou\Local Sites\planty\app\public\wp-includes\plugin.php(205): WP_Hook->apply_filters('<li id="menu-it...', Array)
#2 C:\Users\astou\Local Sites\planty\app\public\wp-includes\nav-menu-template.php(267): apply_filters('wp_nav_menu_ite...', '<li id="menu-it...', Object(stdClass))
#3 C:\Users\astou\Local Sites\planty\app\public\wp-content\themes\astra\inc\builder\type\header\menu\class-astra-header-menu-component.php(131): wp_nav_menu(Object(stdClass))
#4 C:\Users\astou\Local Sites\planty\app\public\wp-content\themes\astra\inc\builder\markup\class-astra-builder-header.php(126): Astra_Header_Menu_Component::menu_markup(1, 'desktop')
#5 C:\Users\astou\Local Sites\planty\app\public\wp-includes\class-wp-hook.php(308): Astra_Builder_Header->__call('menu_1', Array)
#6 C:\Users\astou\Local Sites\planty\app\public\wp-includes\class-wp-hook.php(332): WP_Hook->apply_filters('', Array)
#7 C:\Users\astou\Local Sites\planty\app\public\wp-includes\plugin.php(517): WP_Hook->do_action(Array)
#8 C:\Users\astou\Local Sites\planty\app\public\wp-content\themes\astra\template-parts\header\builder\components.php(44): do_action('astra_header_me...', 'desktop')
#9 C:\Users\astou\Local Sites\planty\app\public\wp-includes\template.php(785): require('C:\\Users\\astou\\...')
#10 C:\Users\astou\Local Sites\planty\app\public\wp-includes\template.php(718): load_template('C:\\Users\\astou\\...', false, Array)
#11 C:\Users\astou\Local Sites\planty\app\public\wp-includes\general-template.php(204): locate_template(Array, true, false, Array)
#12 C:\Users\astou\Local Sites\planty\app\public\wp-content\themes\astra\inc\core\builder\class-astra-builder-helper.php(932): get_template_part('template-parts/...', '', Array)
#13 C:\Users\astou\Local Sites\planty\app\public\wp-content\themes\astra\inc\builder\markup\class-astra-builder-header.php(234): Astra_Builder_Helper::render_builder_markup('primary', 'right', 'desktop', 'header')
#14 C:\Users\astou\Local Sites\planty\app\public\wp-includes\class-wp-hook.php(308): Astra_Builder_Header->render_column('primary', 'right')
#15 C:\Users\astou\Local Sites\planty\app\public\wp-includes\class-wp-hook.php(332): WP_Hook->apply_filters('', Array)
#16 C:\Users\astou\Local Sites\planty\app\public\wp-includes\plugin.php(517): WP_Hook->do_action(Array)
#17 C:\Users\astou\Local Sites\planty\app\public\wp-content\themes\astra\template-parts\header\builder\header-row.php(84): do_action('astra_render_he...', 'primary', 'right')
#18 C:\Users\astou\Local Sites\planty\app\public\wp-includes\template.php(785): require('C:\\Users\\astou\\...')
#19 C:\Users\astou\Local Sites\planty\app\public\wp-includes\template.php(718): load_template('C:\\Users\\astou\\...', false, Array)
#20 C:\Users\astou\Local Sites\planty\app\public\wp-includes\general-template.php(204): locate_template(Array, true, false, Array)
#21 C:\Users\astou\Local Sites\planty\app\public\wp-content\themes\astra\inc\builder\markup\class-astra-builder-header.php(282): get_template_part('template-parts/...', 'row', Array)
#22 C:\Users\astou\Local Sites\planty\app\public\wp-includes\class-wp-hook.php(308): Astra_Builder_Header->primary_header('')
#23 C:\Users\astou\Local Sites\planty\app\public\wp-includes\class-wp-hook.php(332): WP_Hook->apply_filters('', Array)
#24 C:\Users\astou\Local Sites\planty\app\public\wp-includes\plugin.php(517): WP_Hook->do_action(Array)
#25 C:\Users\astou\Local Sites\planty\app\public\wp-content\themes\astra\template-parts\header\builder\desktop-builder-layout.php(27): do_action('astra_primary_h...')
#26 C:\Users\astou\Local Sites\planty\app\public\wp-includes\template.php(785): require('C:\\Users\\astou\\...')
#27 C:\Users\astou\Local Sites\planty\app\public\wp-includes\template.php(718): load_template('C:\\Users\\astou\\...', false, Array)
#28 C:\Users\astou\Local Sites\planty\app\public\wp-includes\general-template.php(204): locate_template(Array, true, false, Array)
#29 C:\Users\astou\Local Sites\planty\app\public\wp-content\themes\astra\inc\builder\markup\class-astra-builder-header.php(241): get_template_part('template-parts/...')
#30 C:\Users\astou\Local Sites\planty\app\public\wp-includes\class-wp-hook.php(308): Astra_Builder_Header->desktop_header('')
#31 C:\Users\astou\Local Sites\planty\app\public\wp-includes\class-wp-hook.php(332): WP_Hook->apply_filters('', Array)
#32 C:\Users\astou\Local Sites\planty\app\public\wp-includes\plugin.php(517): WP_Hook->do_action(Array)
#33 C:\Users\astou\Local Sites\planty\app\public\wp-content\themes\astra\inc\core\theme-hooks.php(159): do_action('astra_masthead')
#34 C:\Users\astou\Local Sites\planty\app\public\wp-content\themes\astra\inc\markup-extras.php(682): astra_masthead()
#35 C:\Users\astou\Local Sites\planty\app\public\wp-includes\class-wp-hook.php(308): astra_header_markup('')
#36 C:\Users\astou\Local Sites\planty\app\public\wp-includes\class-wp-hook.php(332): WP_Hook->apply_filters(NULL, Array)
#37 C:\Users\astou\Local Sites\planty\app\public\wp-includes\plugin.php(517): WP_Hook->do_action(Array)
#38 C:\Users\astou\Local Sites\planty\app\public\wp-content\themes\astra\inc\core\theme-hooks.php(145): do_action('astra_header')
#39 C:\Users\astou\Local Sites\planty\app\public\wp-content\themes\astra\header.php(61): astra_header()
#40 C:\Users\astou\Local Sites\planty\app\public\wp-includes\template.php(783): require_once('C:\\Users\\astou\\...')
#41 C:\Users\astou\Local Sites\planty\app\public\wp-includes\template.php(718): load_template('C:\\Users\\astou\\...', true, Array)
#42 C:\Users\astou\Local Sites\planty\app\public\wp-includes\general-template.php(48): locate_template(Array, true, true, Array)
#43 C:\Users\astou\Local Sites\planty\app\public\wp-content\themes\astra\page.php(20): get_header()
#44 C:\Users\astou\Local Sites\planty\app\public\wp-includes\template-loader.php(106): include('C:\\Users\\astou\\...')
#45 C:\Users\astou\Local Sites\planty\app\public\wp-blog-header.php(19): require_once('C:\\Users\\astou\\...')
#46 C:\Users\astou\Local Sites\planty\app\public\index.php(17): require('C:\\Users\\astou\\...')
#47 {main}
  thrown dans C:\Users\astou\Local Sites\planty\app\public\wp-content\themes\astra-child\functions.php à la ligne 29

2023-06-10T16:02:56+00:00 CRITICAL Uncaught ArgumentCountError: Too few arguments to function add_extra_item_to_nav_menu(), 1 passed in C:\Users\astou\Local Sites\planty\app\public\wp-includes\class-wp-hook.php on line 310 and exactly 2 expected in C:\Users\astou\Local Sites\planty\app\public\wp-content\themes\astra-child\functions.php:29
Stack trace:
#0 C:\Users\astou\Local Sites\planty\app\public\wp-includes\class-wp-hook.php(310): add_extra_item_to_nav_menu('<li id="menu-it...')
#1 C:\Users\astou\Local Sites\planty\app\public\wp-includes\plugin.php(205): WP_Hook->apply_filters('<li id="menu-it...', Array)
#2 C:\Users\astou\Local Sites\planty\app\public\wp-includes\nav-menu-template.php(267): apply_filters('wp_nav_menu_ite...', '<li id="menu-it...', Object(stdClass))
#3 C:\Users\astou\Local Sites\planty\app\public\wp-content\themes\astra\inc\builder\type\header\menu\class-astra-header-menu-component.php(131): wp_nav_menu(Object(stdClass))
#4 C:\Users\astou\Local Sites\planty\app\public\wp-content\themes\astra\inc\builder\markup\class-astra-builder-header.php(126): Astra_Header_Menu_Component::menu_markup(1, 'desktop')
#5 C:\Users\astou\Local Sites\planty\app\public\wp-includes\class-wp-hook.php(308): Astra_Builder_Header->__call('menu_1', Array)
#6 C:\Users\astou\Local Sites\planty\app\public\wp-includes\class-wp-hook.php(332): WP_Hook->apply_filters('', Array)
#7 C:\Users\astou\Local Sites\planty\app\public\wp-includes\plugin.php(517): WP_Hook->do_action(Array)
#8 C:\Users\astou\Local Sites\planty\app\public\wp-content\themes\astra\template-parts\header\builder\components.php(44): do_action('astra_header_me...', 'desktop')
#9 C:\Users\astou\Local Sites\planty\app\public\wp-includes\template.php(785): require('C:\\Users\\astou\\...')
#10 C:\Users\astou\Local Sites\planty\app\public\wp-includes\template.php(718): load_template('C:\\Users\\astou\\...', false, Array)
#11 C:\Users\astou\Local Sites\planty\app\public\wp-includes\general-template.php(204): locate_template(Array, true, false, Array)
#12 C:\Users\astou\Local Sites\planty\app\public\wp-content\themes\astra\inc\core\builder\class-astra-builder-helper.php(932): get_template_part('template-parts/...', '', Array)
#13 C:\Users\astou\Local Sites\planty\app\public\wp-content\themes\astra\inc\builder\markup\class-astra-builder-header.php(234): Astra_Builder_Helper::render_builder_markup('primary', 'right', 'desktop', 'header')
#14 C:\Users\astou\Local Sites\planty\app\public\wp-includes\class-wp-hook.php(308): Astra_Builder_Header->render_column('primary', 'right')
#15 C:\Users\astou\Local Sites\planty\app\public\wp-includes\class-wp-hook.php(332): WP_Hook->apply_filters('', Array)
#16 C:\Users\astou\Local Sites\planty\app\public\wp-includes\plugin.php(517): WP_Hook->do_action(Array)
#17 C:\Users\astou\Local Sites\planty\app\public\wp-content\themes\astra\template-parts\header\builder\header-row.php(84): do_action('astra_render_he...', 'primary', 'right')
#18 C:\Users\astou\Local Sites\planty\app\public\wp-includes\template.php(785): require('C:\\Users\\astou\\...')
#19 C:\Users\astou\Local Sites\planty\app\public\wp-includes\template.php(718): load_template('C:\\Users\\astou\\...', false, Array)
#20 C:\Users\astou\Local Sites\planty\app\public\wp-includes\general-template.php(204): locate_template(Array, true, false, Array)
#21 C:\Users\astou\Local Sites\planty\app\public\wp-content\themes\astra\inc\builder\markup\class-astra-builder-header.php(282): get_template_part('template-parts/...', 'row', Array)
#22 C:\Users\astou\Local Sites\planty\app\public\wp-includes\class-wp-hook.php(308): Astra_Builder_Header->primary_header('')
#23 C:\Users\astou\Local Sites\planty\app\public\wp-includes\class-wp-hook.php(332): WP_Hook->apply_filters('', Array)
#24 C:\Users\astou\Local Sites\planty\app\public\wp-includes\plugin.php(517): WP_Hook->do_action(Array)
#25 C:\Users\astou\Local Sites\planty\app\public\wp-content\themes\astra\template-parts\header\builder\desktop-builder-layout.php(27): do_action('astra_primary_h...')
#26 C:\Users\astou\Local Sites\planty\app\public\wp-includes\template.php(785): require('C:\\Users\\astou\\...')
#27 C:\Users\astou\Local Sites\planty\app\public\wp-includes\template.php(718): load_template('C:\\Users\\astou\\...', false, Array)
#28 C:\Users\astou\Local Sites\planty\app\public\wp-includes\general-template.php(204): locate_template(Array, true, false, Array)
#29 C:\Users\astou\Local Sites\planty\app\public\wp-content\themes\astra\inc\builder\markup\class-astra-builder-header.php(241): get_template_part('template-parts/...')
#30 C:\Users\astou\Local Sites\planty\app\public\wp-includes\class-wp-hook.php(308): Astra_Builder_Header->desktop_header('')
#31 C:\Users\astou\Local Sites\planty\app\public\wp-includes\class-wp-hook.php(332): WP_Hook->apply_filters('', Array)
#32 C:\Users\astou\Local Sites\planty\app\public\wp-includes\plugin.php(517): WP_Hook->do_action(Array)
#33 C:\Users\astou\Local Sites\planty\app\public\wp-content\themes\astra\inc\core\theme-hooks.php(159): do_action('astra_masthead')
#34 C:\Users\astou\Local Sites\planty\app\public\wp-content\themes\astra\inc\markup-extras.php(682): astra_masthead()
#35 C:\Users\astou\Local Sites\planty\app\public\wp-includes\class-wp-hook.php(308): astra_header_markup('')
#36 C:\Users\astou\Local Sites\planty\app\public\wp-includes\class-wp-hook.php(332): WP_Hook->apply_filters(NULL, Array)
#37 C:\Users\astou\Local Sites\planty\app\public\wp-includes\plugin.php(517): WP_Hook->do_action(Array)
#38 C:\Users\astou\Local Sites\planty\app\public\wp-content\themes\astra\inc\core\theme-hooks.php(145): do_action('astra_header')
#39 C:\Users\astou\Local Sites\planty\app\public\wp-content\themes\astra\header.php(61): astra_header()
#40 C:\Users\astou\Local Sites\planty\app\public\wp-includes\template.php(783): require_once('C:\\Users\\astou\\...')
#41 C:\Users\astou\Local Sites\planty\app\public\wp-includes\template.php(718): load_template('C:\\Users\\astou\\...', true, Array)
#42 C:\Users\astou\Local Sites\planty\app\public\wp-includes\general-template.php(48): locate_template(Array, true, true, Array)
#43 C:\Users\astou\Local Sites\planty\app\public\wp-content\themes\astra\page.php(20): get_header()
#44 C:\Users\astou\Local Sites\planty\app\public\wp-includes\template-loader.php(106): include('C:\\Users\\astou\\...')
#45 C:\Users\astou\Local Sites\planty\app\public\wp-blog-header.php(19): require_once('C:\\Users\\astou\\...')
#46 C:\Users\astou\Local Sites\planty\app\public\index.php(17): require('C:\\Users\\astou\\...')
#47 {main}
  thrown dans C:\Users\astou\Local Sites\planty\app\public\wp-content\themes\astra-child\functions.php à la ligne 29

2023-06-10T16:15:09+00:00 CRITICAL Uncaught ArgumentCountError: Too few arguments to function add_extra_item_to_nav_menu(), 2 passed in C:\Users\astou\Local Sites\planty\app\public\wp-includes\class-wp-hook.php on line 308 and exactly 3 expected in C:\Users\astou\Local Sites\planty\app\public\wp-content\themes\astra-child\functions.php:29
Stack trace:
#0 C:\Users\astou\Local Sites\planty\app\public\wp-includes\class-wp-hook.php(308): add_extra_item_to_nav_menu('<li id="menu-it...', Object(stdClass))
#1 C:\Users\astou\Local Sites\planty\app\public\wp-includes\plugin.php(205): WP_Hook->apply_filters('<li id="menu-it...', Array)
#2 C:\Users\astou\Local Sites\planty\app\public\wp-includes\nav-menu-template.php(267): apply_filters('wp_nav_menu_ite...', '<li id="menu-it...', Object(stdClass))
#3 C:\Users\astou\Local Sites\planty\app\public\wp-content\themes\astra\inc\builder\type\header\menu\class-astra-header-menu-component.php(131): wp_nav_menu(Object(stdClass))
#4 C:\Users\astou\Local Sites\planty\app\public\wp-content\themes\astra\inc\builder\markup\class-astra-builder-header.php(126): Astra_Header_Menu_Component::menu_markup(1, 'desktop')
#5 C:\Users\astou\Local Sites\planty\app\public\wp-includes\class-wp-hook.php(308): Astra_Builder_Header->__call('menu_1', Array)
#6 C:\Users\astou\Local Sites\planty\app\public\wp-includes\class-wp-hook.php(332): WP_Hook->apply_filters('', Array)
#7 C:\Users\astou\Local Sites\planty\app\public\wp-includes\plugin.php(517): WP_Hook->do_action(Array)
#8 C:\Users\astou\Local Sites\planty\app\public\wp-content\themes\astra\template-parts\header\builder\components.php(44): do_action('astra_header_me...', 'desktop')
#9 C:\Users\astou\Local Sites\planty\app\public\wp-includes\template.php(785): require('C:\\Users\\astou\\...')
#10 C:\Users\astou\Local Sites\planty\app\public\wp-includes\template.php(718): load_template('C:\\Users\\astou\\...', false, Array)
#11 C:\Users\astou\Local Sites\planty\app\public\wp-includes\general-template.php(204): locate_template(Array, true, false, Array)
#12 C:\Users\astou\Local Sites\planty\app\public\wp-content\themes\astra\inc\core\builder\class-astra-builder-helper.php(932): get_template_part('template-parts/...', '', Array)
#13 C:\Users\astou\Local Sites\planty\app\public\wp-content\themes\astra\inc\builder\markup\class-astra-builder-header.php(234): Astra_Builder_Helper::render_builder_markup('primary', 'right', 'desktop', 'header')
#14 C:\Users\astou\Local Sites\planty\app\public\wp-includes\class-wp-hook.php(308): Astra_Builder_Header->render_column('primary', 'right')
#15 C:\Users\astou\Local Sites\planty\app\public\wp-includes\class-wp-hook.php(332): WP_Hook->apply_filters('', Array)
#16 C:\Users\astou\Local Sites\planty\app\public\wp-includes\plugin.php(517): WP_Hook->do_action(Array)
#17 C:\Users\astou\Local Sites\planty\app\public\wp-content\themes\astra\template-parts\header\builder\header-row.php(84): do_action('astra_render_he...', 'primary', 'right')
#18 C:\Users\astou\Local Sites\planty\app\public\wp-includes\template.php(785): require('C:\\Users\\astou\\...')
#19 C:\Users\astou\Local Sites\planty\app\public\wp-includes\template.php(718): load_template('C:\\Users\\astou\\...', false, Array)
#20 C:\Users\astou\Local Sites\planty\app\public\wp-includes\general-template.php(204): locate_template(Array, true, false, Array)
#21 C:\Users\astou\Local Sites\planty\app\public\wp-content\themes\astra\inc\builder\markup\class-astra-builder-header.php(282): get_template_part('template-parts/...', 'row', Array)
#22 C:\Users\astou\Local Sites\planty\app\public\wp-includes\class-wp-hook.php(308): Astra_Builder_Header->primary_header('')
#23 C:\Users\astou\Local Sites\planty\app\public\wp-includes\class-wp-hook.php(332): WP_Hook->apply_filters('', Array)
#24 C:\Users\astou\Local Sites\planty\app\public\wp-includes\plugin.php(517): WP_Hook->do_action(Array)
#25 C:\Users\astou\Local Sites\planty\app\public\wp-content\themes\astra\template-parts\header\builder\desktop-builder-layout.php(27): do_action('astra_primary_h...')
#26 C:\Users\astou\Local Sites\planty\app\public\wp-includes\template.php(785): require('C:\\Users\\astou\\...')
#27 C:\Users\astou\Local Sites\planty\app\public\wp-includes\template.php(718): load_template('C:\\Users\\astou\\...', false, Array)
#28 C:\Users\astou\Local Sites\planty\app\public\wp-includes\general-template.php(204): locate_template(Array, true, false, Array)
#29 C:\Users\astou\Local Sites\planty\app\public\wp-content\themes\astra\inc\builder\markup\class-astra-builder-header.php(241): get_template_part('template-parts/...')
#30 C:\Users\astou\Local Sites\planty\app\public\wp-includes\class-wp-hook.php(308): Astra_Builder_Header->desktop_header('')
#31 C:\Users\astou\Local Sites\planty\app\public\wp-includes\class-wp-hook.php(332): WP_Hook->apply_filters('', Array)
#32 C:\Users\astou\Local Sites\planty\app\public\wp-includes\plugin.php(517): WP_Hook->do_action(Array)
#33 C:\Users\astou\Local Sites\planty\app\public\wp-content\themes\astra\inc\core\theme-hooks.php(159): do_action('astra_masthead')
#34 C:\Users\astou\Local Sites\planty\app\public\wp-content\themes\astra\inc\markup-extras.php(682): astra_masthead()
#35 C:\Users\astou\Local Sites\planty\app\public\wp-includes\class-wp-hook.php(308): astra_header_markup('')
#36 C:\Users\astou\Local Sites\planty\app\public\wp-includes\class-wp-hook.php(332): WP_Hook->apply_filters(NULL, Array)
#37 C:\Users\astou\Local Sites\planty\app\public\wp-includes\plugin.php(517): WP_Hook->do_action(Array)
#38 C:\Users\astou\Local Sites\planty\app\public\wp-content\themes\astra\inc\core\theme-hooks.php(145): do_action('astra_header')
#39 C:\Users\astou\Local Sites\planty\app\public\wp-content\themes\astra\header.php(61): astra_header()
#40 C:\Users\astou\Local Sites\planty\app\public\wp-includes\template.php(783): require_once('C:\\Users\\astou\\...')
#41 C:\Users\astou\Local Sites\planty\app\public\wp-includes\template.php(718): load_template('C:\\Users\\astou\\...', true, Array)
#42 C:\Users\astou\Local Sites\planty\app\public\wp-includes\general-template.php(48): locate_template(Array, true, true, Array)
#43 C:\Users\astou\Local Sites\planty\app\public\wp-content\themes\astra\404.php(15): get_header()
#44 C:\Users\astou\Local Sites\planty\app\public\wp-includes\template-loader.php(106): include('C:\\Users\\astou\\...')
#45 C:\Users\astou\Local Sites\planty\app\public\wp-blog-header.php(19): require_once('C:\\Users\\astou\\...')
#46 C:\Users\astou\Local Sites\planty\app\public\index.php(17): require('C:\\Users\\astou\\...')
#47 {main}
  thrown dans C:\Users\astou\Local Sites\planty\app\public\wp-content\themes\astra-child\functions.php à la ligne 29

2023-06-10T16:17:49+00:00 CRITICAL Uncaught ArgumentCountError: Too few arguments to function add_extra_item_to_nav_menu(), 1 passed in C:\Users\astou\Local Sites\planty\app\public\wp-includes\class-wp-hook.php on line 310 and exactly 2 expected in C:\Users\astou\Local Sites\planty\app\public\wp-content\themes\astra-child\functions.php:29
Stack trace:
#0 C:\Users\astou\Local Sites\planty\app\public\wp-includes\class-wp-hook.php(310): add_extra_item_to_nav_menu('<li id="menu-it...')
#1 C:\Users\astou\Local Sites\planty\app\public\wp-includes\plugin.php(205): WP_Hook->apply_filters('<li id="menu-it...', Array)
#2 C:\Users\astou\Local Sites\planty\app\public\wp-includes\nav-menu-template.php(267): apply_filters('wp_nav_menu_ite...', '<li id="menu-it...', Object(stdClass))
#3 C:\Users\astou\Local Sites\planty\app\public\wp-content\themes\astra\inc\builder\type\header\menu\class-astra-header-menu-component.php(131): wp_nav_menu(Object(stdClass))
#4 C:\Users\astou\Local Sites\planty\app\public\wp-content\themes\astra\inc\builder\markup\class-astra-builder-header.php(126): Astra_Header_Menu_Component::menu_markup(1, 'desktop')
#5 C:\Users\astou\Local Sites\planty\app\public\wp-includes\class-wp-hook.php(308): Astra_Builder_Header->__call('menu_1', Array)
#6 C:\Users\astou\Local Sites\planty\app\public\wp-includes\class-wp-hook.php(332): WP_Hook->apply_filters('', Array)
#7 C:\Users\astou\Local Sites\planty\app\public\wp-includes\plugin.php(517): WP_Hook->do_action(Array)
#8 C:\Users\astou\Local Sites\planty\app\public\wp-content\themes\astra\template-parts\header\builder\components.php(44): do_action('astra_header_me...', 'desktop')
#9 C:\Users\astou\Local Sites\planty\app\public\wp-includes\template.php(785): require('C:\\Users\\astou\\...')
#10 C:\Users\astou\Local Sites\planty\app\public\wp-includes\template.php(718): load_template('C:\\Users\\astou\\...', false, Array)
#11 C:\Users\astou\Local Sites\planty\app\public\wp-includes\general-template.php(204): locate_template(Array, true, false, Array)
#12 C:\Users\astou\Local Sites\planty\app\public\wp-content\themes\astra\inc\core\builder\class-astra-builder-helper.php(932): get_template_part('template-parts/...', '', Array)
#13 C:\Users\astou\Local Sites\planty\app\public\wp-content\themes\astra\inc\builder\markup\class-astra-builder-header.php(234): Astra_Builder_Helper::render_builder_markup('primary', 'right', 'desktop', 'header')
#14 C:\Users\astou\Local Sites\planty\app\public\wp-includes\class-wp-hook.php(308): Astra_Builder_Header->render_column('primary', 'right')
#15 C:\Users\astou\Local Sites\planty\app\public\wp-includes\class-wp-hook.php(332): WP_Hook->apply_filters('', Array)
#16 C:\Users\astou\Local Sites\planty\app\public\wp-includes\plugin.php(517): WP_Hook->do_action(Array)
#17 C:\Users\astou\Local Sites\planty\app\public\wp-content\themes\astra\template-parts\header\builder\header-row.php(84): do_action('astra_render_he...', 'primary', 'right')
#18 C:\Users\astou\Local Sites\planty\app\public\wp-includes\template.php(785): require('C:\\Users\\astou\\...')
#19 C:\Users\astou\Local Sites\planty\app\public\wp-includes\template.php(718): load_template('C:\\Users\\astou\\...', false, Array)
#20 C:\Users\astou\Local Sites\planty\app\public\wp-includes\general-template.php(204): locate_template(Array, true, false, Array)
#21 C:\Users\astou\Local Sites\planty\app\public\wp-content\themes\astra\inc\builder\markup\class-astra-builder-header.php(282): get_template_part('template-parts/...', 'row', Array)
#22 C:\Users\astou\Local Sites\planty\app\public\wp-includes\class-wp-hook.php(308): Astra_Builder_Header->primary_header('')
#23 C:\Users\astou\Local Sites\planty\app\public\wp-includes\class-wp-hook.php(332): WP_Hook->apply_filters('', Array)
#24 C:\Users\astou\Local Sites\planty\app\public\wp-includes\plugin.php(517): WP_Hook->do_action(Array)
#25 C:\Users\astou\Local Sites\planty\app\public\wp-content\themes\astra\template-parts\header\builder\desktop-builder-layout.php(27): do_action('astra_primary_h...')
#26 C:\Users\astou\Local Sites\planty\app\public\wp-includes\template.php(785): require('C:\\Users\\astou\\...')
#27 C:\Users\astou\Local Sites\planty\app\public\wp-includes\template.php(718): load_template('C:\\Users\\astou\\...', false, Array)
#28 C:\Users\astou\Local Sites\planty\app\public\wp-includes\general-template.php(204): locate_template(Array, true, false, Array)
#29 C:\Users\astou\Local Sites\planty\app\public\wp-content\themes\astra\inc\builder\markup\class-astra-builder-header.php(241): get_template_part('template-parts/...')
#30 C:\Users\astou\Local Sites\planty\app\public\wp-includes\class-wp-hook.php(308): Astra_Builder_Header->desktop_header('')
#31 C:\Users\astou\Local Sites\planty\app\public\wp-includes\class-wp-hook.php(332): WP_Hook->apply_filters('', Array)
#32 C:\Users\astou\Local Sites\planty\app\public\wp-includes\plugin.php(517): WP_Hook->do_action(Array)
#33 C:\Users\astou\Local Sites\planty\app\public\wp-content\themes\astra\inc\core\theme-hooks.php(159): do_action('astra_masthead')
#34 C:\Users\astou\Local Sites\planty\app\public\wp-content\themes\astra\inc\markup-extras.php(682): astra_masthead()
#35 C:\Users\astou\Local Sites\planty\app\public\wp-includes\class-wp-hook.php(308): astra_header_markup('')
#36 C:\Users\astou\Local Sites\planty\app\public\wp-includes\class-wp-hook.php(332): WP_Hook->apply_filters(NULL, Array)
#37 C:\Users\astou\Local Sites\planty\app\public\wp-includes\plugin.php(517): WP_Hook->do_action(Array)
#38 C:\Users\astou\Local Sites\planty\app\public\wp-content\themes\astra\inc\core\theme-hooks.php(145): do_action('astra_header')
#39 C:\Users\astou\Local Sites\planty\app\public\wp-content\themes\astra\header.php(61): astra_header()
#40 C:\Users\astou\Local Sites\planty\app\public\wp-includes\template.php(783): require_once('C:\\Users\\astou\\...')
#41 C:\Users\astou\Local Sites\planty\app\public\wp-includes\template.php(718): load_template('C:\\Users\\astou\\...', true, Array)
#42 C:\Users\astou\Local Sites\planty\app\public\wp-includes\general-template.php(48): locate_template(Array, true, true, Array)
#43 C:\Users\astou\Local Sites\planty\app\public\wp-content\themes\astra\404.php(15): get_header()
#44 C:\Users\astou\Local Sites\planty\app\public\wp-includes\template-loader.php(106): include('C:\\Users\\astou\\...')
#45 C:\Users\astou\Local Sites\planty\app\public\wp-blog-header.php(19): require_once('C:\\Users\\astou\\...')
#46 C:\Users\astou\Local Sites\planty\app\public\index.php(17): require('C:\\Users\\astou\\...')
#47 {main}
  thrown dans C:\Users\astou\Local Sites\planty\app\public\wp-content\themes\astra-child\functions.php à la ligne 29

